{"/Users/ryokugyoku/Desktop/SourceCode/ProjectManagerTools/src/lib/calendar.ts": {"path":"/Users/ryokugyoku/Desktop/SourceCode/ProjectManagerTools/src/lib/calendar.ts","statementMap":{"0":{"start":{"line":13,"column":25},"end":{"line":13,"column":null}},"1":{"start":{"line":15,"column":42},"end":{"line":19,"column":null}},"2":{"start":{"line":18,"column":26},"end":{"line":18,"column":41}},"3":{"start":{"line":19,"column":18},"end":{"line":19,"column":52}},"4":{"start":{"line":22,"column":15},"end":{"line":22,"column":null}},"5":{"start":{"line":23,"column":16},"end":{"line":23,"column":null}},"6":{"start":{"line":24,"column":14},"end":{"line":24,"column":null}},"7":{"start":{"line":25,"column":2},"end":{"line":25,"column":null}},"8":{"start":{"line":29,"column":29},"end":{"line":29,"column":null}},"9":{"start":{"line":30,"column":2},"end":{"line":30,"column":null}},"10":{"start":{"line":34,"column":17},"end":{"line":34,"column":null}},"11":{"start":{"line":35,"column":2},"end":{"line":38,"column":null}},"12":{"start":{"line":36,"column":4},"end":{"line":36,"column":null}},"13":{"start":{"line":37,"column":4},"end":{"line":37,"column":null}},"14":{"start":{"line":39,"column":2},"end":{"line":39,"column":null}},"15":{"start":{"line":44,"column":17},"end":{"line":44,"column":null}},"16":{"start":{"line":45,"column":2},"end":{"line":45,"column":null}},"17":{"start":{"line":49,"column":19},"end":{"line":49,"column":null}},"18":{"start":{"line":50,"column":2},"end":{"line":50,"column":null}},"19":{"start":{"line":50,"column":17},"end":{"line":50,"column":null}},"20":{"start":{"line":51,"column":24},"end":{"line":51,"column":null}},"21":{"start":{"line":51,"column":51},"end":{"line":51,"column":76}},"22":{"start":{"line":52,"column":2},"end":{"line":52,"column":null}},"23":{"start":{"line":56,"column":15},"end":{"line":56,"column":null}},"24":{"start":{"line":57,"column":18},"end":{"line":57,"column":null}},"25":{"start":{"line":58,"column":2},"end":{"line":58,"column":null}},"26":{"start":{"line":62,"column":2},"end":{"line":62,"column":null}},"27":{"start":{"line":62,"column":34},"end":{"line":62,"column":null}},"28":{"start":{"line":63,"column":17},"end":{"line":63,"column":null}},"29":{"start":{"line":64,"column":16},"end":{"line":64,"column":null}},"30":{"start":{"line":65,"column":2},"end":{"line":69,"column":null}},"31":{"start":{"line":66,"column":18},"end":{"line":66,"column":null}},"32":{"start":{"line":67,"column":4},"end":{"line":67,"column":null}},"33":{"start":{"line":67,"column":43},"end":{"line":67,"column":null}},"34":{"start":{"line":68,"column":4},"end":{"line":68,"column":null}},"35":{"start":{"line":68,"column":32},"end":{"line":68,"column":null}},"36":{"start":{"line":70,"column":2},"end":{"line":70,"column":null}},"37":{"start":{"line":74,"column":15},"end":{"line":74,"column":null}},"38":{"start":{"line":75,"column":2},"end":{"line":75,"column":null}},"39":{"start":{"line":76,"column":2},"end":{"line":76,"column":null}},"40":{"start":{"line":80,"column":2},"end":{"line":80,"column":null}},"41":{"start":{"line":80,"column":20},"end":{"line":80,"column":null}},"42":{"start":{"line":81,"column":17},"end":{"line":81,"column":null}},"43":{"start":{"line":82,"column":20},"end":{"line":82,"column":null}},"44":{"start":{"line":83,"column":18},"end":{"line":83,"column":null}},"45":{"start":{"line":84,"column":2},"end":{"line":87,"column":null}},"46":{"start":{"line":85,"column":4},"end":{"line":85,"column":null}},"47":{"start":{"line":86,"column":4},"end":{"line":86,"column":null}},"48":{"start":{"line":86,"column":59},"end":{"line":86,"column":null}},"49":{"start":{"line":88,"column":2},"end":{"line":88,"column":null}},"50":{"start":{"line":92,"column":17},"end":{"line":92,"column":null}},"51":{"start":{"line":93,"column":2},"end":{"line":93,"column":null}},"52":{"start":{"line":93,"column":61},"end":{"line":93,"column":null}},"53":{"start":{"line":94,"column":2},"end":{"line":94,"column":null}},"54":{"start":{"line":98,"column":16},"end":{"line":98,"column":null}},"55":{"start":{"line":99,"column":20},"end":{"line":99,"column":null}},"56":{"start":{"line":100,"column":2},"end":{"line":100,"column":null}},"57":{"start":{"line":101,"column":16},"end":{"line":101,"column":null}},"58":{"start":{"line":103,"column":2},"end":{"line":117,"column":null}},"59":{"start":{"line":104,"column":17},"end":{"line":104,"column":null}},"60":{"start":{"line":105,"column":4},"end":{"line":105,"column":null}},"61":{"start":{"line":106,"column":18},"end":{"line":106,"column":null}},"62":{"start":{"line":107,"column":20},"end":{"line":107,"column":null}},"63":{"start":{"line":108,"column":20},"end":{"line":108,"column":null}},"64":{"start":{"line":109,"column":4},"end":{"line":116,"column":null}}},"fnMap":{"0":{"name":"(anonymous_0)","decl":{"start":{"line":18,"column":7},"end":{"line":18,"column":8}},"loc":{"start":{"line":18,"column":26},"end":{"line":18,"column":41}},"line":18},"1":{"name":"(anonymous_1)","decl":{"start":{"line":19,"column":8},"end":{"line":19,"column":9}},"loc":{"start":{"line":19,"column":18},"end":{"line":19,"column":52}},"line":19},"2":{"name":"formatISODate","decl":{"start":{"line":21,"column":16},"end":{"line":21,"column":30}},"loc":{"start":{"line":21,"column":50},"end":{"line":26,"column":null}},"line":21},"3":{"name":"parseISODate","decl":{"start":{"line":28,"column":16},"end":{"line":28,"column":29}},"loc":{"start":{"line":28,"column":50},"end":{"line":31,"column":null}},"line":28},"4":{"name":"holidayCalendar","decl":{"start":{"line":33,"column":9},"end":{"line":33,"column":25}},"loc":{"start":{"line":33,"column":46},"end":{"line":40,"column":null}},"line":33},"5":{"name":"weekendDays","decl":{"start":{"line":42,"column":9},"end":{"line":42,"column":21}},"loc":{"start":{"line":42,"column":52},"end":{"line":46,"column":null}},"line":42},"6":{"name":"holidayName","decl":{"start":{"line":48,"column":16},"end":{"line":48,"column":28}},"loc":{"start":{"line":48,"column":79},"end":{"line":53,"column":null}},"line":48},"7":{"name":"(anonymous_7)","decl":{"start":{"line":51,"column":38},"end":{"line":51,"column":39}},"loc":{"start":{"line":51,"column":51},"end":{"line":51,"column":76}},"line":51},"8":{"name":"isBusinessDay","decl":{"start":{"line":55,"column":16},"end":{"line":55,"column":30}},"loc":{"start":{"line":55,"column":75},"end":{"line":59,"column":null}},"line":55},"9":{"name":"calculateEndDate","decl":{"start":{"line":61,"column":16},"end":{"line":61,"column":33}},"loc":{"start":{"line":61,"column":99},"end":{"line":71,"column":null}},"line":61},"10":{"name":"addCalendarDays","decl":{"start":{"line":73,"column":16},"end":{"line":73,"column":32}},"loc":{"start":{"line":73,"column":71},"end":{"line":77,"column":null}},"line":73},"11":{"name":"shiftBusinessDate","decl":{"start":{"line":79,"column":16},"end":{"line":79,"column":34}},"loc":{"start":{"line":79,"column":94},"end":{"line":89,"column":null}},"line":79},"12":{"name":"moveToBusinessDay","decl":{"start":{"line":91,"column":9},"end":{"line":91,"column":27}},"loc":{"start":{"line":91,"column":90},"end":{"line":95,"column":null}},"line":91},"13":{"name":"monthDays","decl":{"start":{"line":97,"column":16},"end":{"line":97,"column":26}},"loc":{"start":{"line":97,"column":75},"end":{"line":118,"column":null}},"line":97},"14":{"name":"(anonymous_14)","decl":{"start":{"line":103,"column":36},"end":{"line":103,"column":37}},"loc":{"start":{"line":103,"column":50},"end":{"line":117,"column":3}},"line":103}},"branchMap":{"0":{"loc":{"start":{"line":35,"column":2},"end":{"line":38,"column":null}},"type":"if","locations":[{"start":{"line":35,"column":2},"end":{"line":38,"column":null}},{"start":{},"end":{}}],"line":35},"1":{"loc":{"start":{"line":45,"column":9},"end":{"line":45,"column":null}},"type":"binary-expr","locations":[{"start":{"line":45,"column":9},"end":{"line":45,"column":37}},{"start":{"line":45,"column":37},"end":{"line":45,"column":null}}],"line":45},"2":{"loc":{"start":{"line":50,"column":2},"end":{"line":50,"column":null}},"type":"if","locations":[{"start":{"line":50,"column":2},"end":{"line":50,"column":null}},{"start":{},"end":{}}],"line":50},"3":{"loc":{"start":{"line":52,"column":9},"end":{"line":52,"column":null}},"type":"binary-expr","locations":[{"start":{"line":52,"column":9},"end":{"line":52,"column":32}},{"start":{"line":52,"column":32},"end":{"line":52,"column":null}}],"line":52},"4":{"loc":{"start":{"line":57,"column":18},"end":{"line":57,"column":null}},"type":"cond-expr","locations":[{"start":{"line":57,"column":40},"end":{"line":57,"column":44}},{"start":{"line":57,"column":44},"end":{"line":57,"column":null}}],"line":57},"5":{"loc":{"start":{"line":58,"column":9},"end":{"line":58,"column":null}},"type":"binary-expr","locations":[{"start":{"line":58,"column":9},"end":{"line":58,"column":56}},{"start":{"line":58,"column":56},"end":{"line":58,"column":null}}],"line":58},"6":{"loc":{"start":{"line":62,"column":2},"end":{"line":62,"column":null}},"type":"if","locations":[{"start":{"line":62,"column":2},"end":{"line":62,"column":null}},{"start":{},"end":{}}],"line":62},"7":{"loc":{"start":{"line":62,"column":6},"end":{"line":62,"column":34}},"type":"binary-expr","locations":[{"start":{"line":62,"column":6},"end":{"line":62,"column":16}},{"start":{"line":62,"column":16},"end":{"line":62,"column":34}}],"line":62},"8":{"loc":{"start":{"line":67,"column":4},"end":{"line":67,"column":null}},"type":"if","locations":[{"start":{"line":67,"column":4},"end":{"line":67,"column":null}},{"start":{},"end":{}}],"line":67},"9":{"loc":{"start":{"line":68,"column":4},"end":{"line":68,"column":null}},"type":"if","locations":[{"start":{"line":68,"column":4},"end":{"line":68,"column":null}},{"start":{},"end":{}}],"line":68},"10":{"loc":{"start":{"line":80,"column":2},"end":{"line":80,"column":null}},"type":"if","locations":[{"start":{"line":80,"column":2},"end":{"line":80,"column":null}},{"start":{},"end":{}}],"line":80},"11":{"loc":{"start":{"line":82,"column":20},"end":{"line":82,"column":null}},"type":"cond-expr","locations":[{"start":{"line":82,"column":33},"end":{"line":82,"column":37}},{"start":{"line":82,"column":37},"end":{"line":82,"column":null}}],"line":82},"12":{"loc":{"start":{"line":86,"column":4},"end":{"line":86,"column":null}},"type":"if","locations":[{"start":{"line":86,"column":4},"end":{"line":86,"column":null}},{"start":{},"end":{}}],"line":86},"13":{"loc":{"start":{"line":108,"column":20},"end":{"line":108,"column":null}},"type":"cond-expr","locations":[{"start":{"line":108,"column":42},"end":{"line":108,"column":46}},{"start":{"line":108,"column":46},"end":{"line":108,"column":null}}],"line":108}},"s":{"0":15,"1":15,"2":3090,"3":18900,"4":2528,"5":2528,"6":2528,"7":2528,"8":6974,"9":6974,"10":2062,"11":2062,"12":13,"13":13,"14":2062,"15":2450,"16":2450,"17":2062,"18":2062,"19":1937,"20":125,"21":125,"22":125,"23":2408,"24":2408,"25":2408,"26":11,"27":2,"28":9,"29":9,"30":9,"31":56,"32":56,"33":31,"34":56,"35":47,"36":9,"37":2036,"38":2036,"39":2036,"40":27,"41":1,"42":26,"43":26,"44":27,"45":27,"46":137,"47":137,"48":76,"49":26,"50":1,"51":1,"52":1,"53":1,"54":1,"55":1,"56":1,"57":1,"58":1,"59":42,"60":42,"61":42,"62":42,"63":42,"64":42},"f":{"0":3090,"1":18900,"2":2528,"3":6974,"4":2062,"5":2450,"6":2062,"7":125,"8":2408,"9":11,"10":2036,"11":27,"12":1,"13":1,"14":42},"b":{"0":[13,2049],"1":[2450,2450],"2":[1937,125],"3":[125,6],"4":[300,2108],"5":[2408,1809],"6":[2,9],"7":[11,10],"8":[31,25],"9":[47,9],"10":[1,26],"11":[16,10],"12":[76,61],"13":[6,36]},"meta":{"lastBranch":14,"lastFunction":15,"lastStatement":65,"seen":{"s:13:25:13:Infinity":0,"s:15:42:19:Infinity":1,"f:18:7:18:8":0,"s:18:26:18:41":2,"f:19:8:19:9":1,"s:19:18:19:52":3,"f:21:16:21:30":2,"s:22:15:22:Infinity":4,"s:23:16:23:Infinity":5,"s:24:14:24:Infinity":6,"s:25:2:25:Infinity":7,"f:28:16:28:29":3,"s:29:29:29:Infinity":8,"s:30:2:30:Infinity":9,"f:33:9:33:25":4,"s:34:17:34:Infinity":10,"b:35:2:38:Infinity:undefined:undefined:undefined:undefined":0,"s:35:2:38:Infinity":11,"s:36:4:36:Infinity":12,"s:37:4:37:Infinity":13,"s:39:2:39:Infinity":14,"f:42:9:42:21":5,"s:44:17:44:Infinity":15,"s:45:2:45:Infinity":16,"b:45:9:45:37:45:37:45:Infinity":1,"f:48:16:48:28":6,"s:49:19:49:Infinity":17,"b:50:2:50:Infinity:undefined:undefined:undefined:undefined":2,"s:50:2:50:Infinity":18,"s:50:17:50:Infinity":19,"s:51:24:51:Infinity":20,"f:51:38:51:39":7,"s:51:51:51:76":21,"s:52:2:52:Infinity":22,"b:52:9:52:32:52:32:52:Infinity":3,"f:55:16:55:30":8,"s:56:15:56:Infinity":23,"s:57:18:57:Infinity":24,"b:57:40:57:44:57:44:57:Infinity":4,"s:58:2:58:Infinity":25,"b:58:9:58:56:58:56:58:Infinity":5,"f:61:16:61:33":9,"b:62:2:62:Infinity:undefined:undefined:undefined:undefined":6,"s:62:2:62:Infinity":26,"b:62:6:62:16:62:16:62:34":7,"s:62:34:62:Infinity":27,"s:63:17:63:Infinity":28,"s:64:16:64:Infinity":29,"s:65:2:69:Infinity":30,"s:66:18:66:Infinity":31,"b:67:4:67:Infinity:undefined:undefined:undefined:undefined":8,"s:67:4:67:Infinity":32,"s:67:43:67:Infinity":33,"b:68:4:68:Infinity:undefined:undefined:undefined:undefined":9,"s:68:4:68:Infinity":34,"s:68:32:68:Infinity":35,"s:70:2:70:Infinity":36,"f:73:16:73:32":10,"s:74:15:74:Infinity":37,"s:75:2:75:Infinity":38,"s:76:2:76:Infinity":39,"f:79:16:79:34":11,"b:80:2:80:Infinity:undefined:undefined:undefined:undefined":10,"s:80:2:80:Infinity":40,"s:80:20:80:Infinity":41,"s:81:17:81:Infinity":42,"s:82:20:82:Infinity":43,"b:82:33:82:37:82:37:82:Infinity":11,"s:83:18:83:Infinity":44,"s:84:2:87:Infinity":45,"s:85:4:85:Infinity":46,"b:86:4:86:Infinity:undefined:undefined:undefined:undefined":12,"s:86:4:86:Infinity":47,"s:86:59:86:Infinity":48,"s:88:2:88:Infinity":49,"f:91:9:91:27":12,"s:92:17:92:Infinity":50,"s:93:2:93:Infinity":51,"s:93:61:93:Infinity":52,"s:94:2:94:Infinity":53,"f:97:16:97:26":13,"s:98:16:98:Infinity":54,"s:99:20:99:Infinity":55,"s:100:2:100:Infinity":56,"s:101:16:101:Infinity":57,"s:103:2:117:Infinity":58,"f:103:36:103:37":14,"s:104:17:104:Infinity":59,"s:105:4:105:Infinity":60,"s:106:18:106:Infinity":61,"s:107:20:107:Infinity":62,"s:108:20:108:Infinity":63,"b:108:42:108:46:108:46:108:Infinity":13,"s:109:4:116:Infinity":64},"fnNames":{}}}
,"/Users/ryokugyoku/Desktop/SourceCode/ProjectManagerTools/src/lib/leaveApprovals.ts": {"path":"/Users/ryokugyoku/Desktop/SourceCode/ProjectManagerTools/src/lib/leaveApprovals.ts","statementMap":{"0":{"start":{"line":12,"column":69},"end":{"line":16,"column":null}},"1":{"start":{"line":23,"column":19},"end":{"line":23,"column":null}},"2":{"start":{"line":23,"column":91},"end":{"line":23,"column":102}},"3":{"start":{"line":24,"column":2},"end":{"line":24,"column":null}},"4":{"start":{"line":24,"column":28},"end":{"line":24,"column":null}},"5":{"start":{"line":26,"column":8},"end":{"line":26,"column":null}},"6":{"start":{"line":27,"column":8},"end":{"line":27,"column":null}},"7":{"start":{"line":28,"column":17},"end":{"line":30,"column":null}},"8":{"start":{"line":28,"column":41},"end":{"line":30,"column":31}},"9":{"start":{"line":31,"column":2},"end":{"line":31,"column":null}},"10":{"start":{"line":35,"column":2},"end":{"line":35,"column":null}},"11":{"start":{"line":35,"column":27},"end":{"line":35,"column":51}}},"fnMap":{"0":{"name":"summarizeLeaveApprovals","decl":{"start":{"line":18,"column":16},"end":{"line":18,"column":null}},"loc":{"start":{"line":22,"column":24},"end":{"line":32,"column":null}},"line":22},"1":{"name":"(anonymous_1)","decl":{"start":{"line":23,"column":82},"end":{"line":23,"column":83}},"loc":{"start":{"line":23,"column":91},"end":{"line":23,"column":102}},"line":23},"2":{"name":"(anonymous_2)","decl":{"start":{"line":28,"column":32},"end":{"line":28,"column":33}},"loc":{"start":{"line":28,"column":41},"end":{"line":30,"column":31}},"line":28},"3":{"name":"pendingApprovalLabel","decl":{"start":{"line":34,"column":16},"end":{"line":34,"column":37}},"loc":{"start":{"line":34,"column":71},"end":{"line":36,"column":null}},"line":34},"4":{"name":"(anonymous_4)","decl":{"start":{"line":35,"column":18},"end":{"line":35,"column":19}},"loc":{"start":{"line":35,"column":27},"end":{"line":35,"column":51}},"line":35}},"branchMap":{"0":{"loc":{"start":{"line":20,"column":2},"end":{"line":20,"column":null}},"type":"default-arg","locations":[{"start":{"line":20,"column":2},"end":{"line":20,"column":null}}],"line":20},"1":{"loc":{"start":{"line":21,"column":2},"end":{"line":21,"column":null}},"type":"default-arg","locations":[{"start":{"line":21,"column":16},"end":{"line":21,"column":null}}],"line":21},"2":{"loc":{"start":{"line":24,"column":2},"end":{"line":24,"column":null}},"type":"if","locations":[{"start":{"line":24,"column":2},"end":{"line":24,"column":null}},{"start":{},"end":{}}],"line":24},"3":{"loc":{"start":{"line":28,"column":41},"end":{"line":30,"column":31}},"type":"cond-expr","locations":[{"start":{"line":29,"column":6},"end":{"line":29,"column":null}},{"start":{"line":30,"column":6},"end":{"line":30,"column":31}}],"line":28},"4":{"loc":{"start":{"line":31,"column":18},"end":{"line":31,"column":60}},"type":"cond-expr","locations":[{"start":{"line":31,"column":38},"end":{"line":31,"column":49}},{"start":{"line":31,"column":49},"end":{"line":31,"column":60}}],"line":31}},"s":{"0":2,"1":10,"2":30,"3":10,"4":2,"5":8,"6":8,"7":8,"8":12,"9":8,"10":2,"11":2},"f":{"0":10,"1":30,"2":12,"3":2,"4":2},"b":{"0":[10],"1":[10],"2":[2,8],"3":[3,9],"4":[5,3]},"meta":{"lastBranch":5,"lastFunction":5,"lastStatement":12,"seen":{"s:12:69:16:Infinity":0,"f:18:16:18:Infinity":0,"b:20:2:20:Infinity":0,"b:21:16:21:Infinity":1,"s:23:19:23:Infinity":1,"f:23:82:23:83":1,"s:23:91:23:102":2,"b:24:2:24:Infinity:undefined:undefined:undefined:undefined":2,"s:24:2:24:Infinity":3,"s:24:28:24:Infinity":4,"s:26:8:26:Infinity":5,"s:27:8:27:Infinity":6,"s:28:17:30:Infinity":7,"f:28:32:28:33":2,"s:28:41:30:31":8,"b:29:6:29:Infinity:30:6:30:31":3,"s:31:2:31:Infinity":9,"b:31:38:31:49:31:49:31:60":4,"f:34:16:34:37":3,"s:35:2:35:Infinity":10,"f:35:18:35:19":4,"s:35:27:35:51":11},"fnNames":{}}}
,"/Users/ryokugyoku/Desktop/SourceCode/ProjectManagerTools/src/lib/projects.ts": {"path":"/Users/ryokugyoku/Desktop/SourceCode/ProjectManagerTools/src/lib/projects.ts","statementMap":{"0":{"start":{"line":3,"column":21},"end":{"line":3,"column":null}},"1":{"start":{"line":32,"column":22},"end":{"line":32,"column":71}},"2":{"start":{"line":32,"column":71},"end":{"line":32,"column":95}},"3":{"start":{"line":35,"column":13},"end":{"line":35,"column":null}},"4":{"start":{"line":36,"column":30},"end":{"line":41,"column":null}},"5":{"start":{"line":42,"column":2},"end":{"line":49,"column":null}},"6":{"start":{"line":42,"column":36},"end":{"line":49,"column":4}},"7":{"start":{"line":46,"column":40},"end":{"line":46,"column":72}},"8":{"start":{"line":46,"column":91},"end":{"line":48,"column":6}},"9":{"start":{"line":53,"column":2},"end":{"line":53,"column":null}},"10":{"start":{"line":54,"column":13},"end":{"line":54,"column":null}},"11":{"start":{"line":55,"column":17},"end":{"line":57,"column":null}},"12":{"start":{"line":58,"column":2},"end":{"line":58,"column":null}},"13":{"start":{"line":58,"column":41},"end":{"line":58,"column":null}},"14":{"start":{"line":59,"column":2},"end":{"line":59,"column":null}},"15":{"start":{"line":63,"column":2},"end":{"line":63,"column":null}},"16":{"start":{"line":64,"column":13},"end":{"line":64,"column":null}},"17":{"start":{"line":65,"column":2},"end":{"line":67,"column":null}},"18":{"start":{"line":68,"column":2},"end":{"line":68,"column":null}},"19":{"start":{"line":69,"column":2},"end":{"line":71,"column":null}},"20":{"start":{"line":75,"column":13},"end":{"line":75,"column":null}},"21":{"start":{"line":76,"column":2},"end":{"line":76,"column":null}},"22":{"start":{"line":77,"column":2},"end":{"line":77,"column":null}},"23":{"start":{"line":78,"column":2},"end":{"line":78,"column":null}},"24":{"start":{"line":82,"column":2},"end":{"line":82,"column":null}},"25":{"start":{"line":83,"column":2},"end":{"line":85,"column":null}},"26":{"start":{"line":84,"column":4},"end":{"line":84,"column":null}},"27":{"start":{"line":89,"column":2},"end":{"line":90,"column":null}},"28":{"start":{"line":93,"column":2},"end":{"line":93,"column":null}},"29":{"start":{"line":93,"column":26},"end":{"line":93,"column":null}},"30":{"start":{"line":94,"column":2},"end":{"line":94,"column":null}},"31":{"start":{"line":94,"column":26},"end":{"line":94,"column":null}},"32":{"start":{"line":95,"column":2},"end":{"line":95,"column":null}},"33":{"start":{"line":95,"column":87},"end":{"line":95,"column":null}},"34":{"start":{"line":96,"column":2},"end":{"line":96,"column":null}},"35":{"start":{"line":96,"column":44},"end":{"line":96,"column":57}},"36":{"start":{"line":96,"column":91},"end":{"line":96,"column":null}}},"fnMap":{"0":{"name":"database","decl":{"start":{"line":32,"column":9},"end":{"line":32,"column":20}},"loc":{"start":{"line":32,"column":20},"end":{"line":32,"column":null}},"line":32},"1":{"name":"listProjects","decl":{"start":{"line":34,"column":22},"end":{"line":34,"column":57}},"loc":{"start":{"line":34,"column":57},"end":{"line":50,"column":null}},"line":34},"2":{"name":"(anonymous_2)","decl":{"start":{"line":42,"column":22},"end":{"line":42,"column":23}},"loc":{"start":{"line":42,"column":36},"end":{"line":49,"column":4}},"line":42},"3":{"name":"(anonymous_3)","decl":{"start":{"line":46,"column":28},"end":{"line":46,"column":29}},"loc":{"start":{"line":46,"column":40},"end":{"line":46,"column":72}},"line":46},"4":{"name":"(anonymous_4)","decl":{"start":{"line":46,"column":78},"end":{"line":46,"column":79}},"loc":{"start":{"line":46,"column":91},"end":{"line":48,"column":6}},"line":46},"5":{"name":"createProject","decl":{"start":{"line":52,"column":22},"end":{"line":52,"column":36}},"loc":{"start":{"line":52,"column":72},"end":{"line":60,"column":null}},"line":52},"6":{"name":"updateProject","decl":{"start":{"line":62,"column":22},"end":{"line":62,"column":36}},"loc":{"start":{"line":62,"column":84},"end":{"line":72,"column":null}},"line":62},"7":{"name":"deleteProject","decl":{"start":{"line":74,"column":22},"end":{"line":74,"column":36}},"loc":{"start":{"line":74,"column":63},"end":{"line":79,"column":null}},"line":74},"8":{"name":"replaceMembers","decl":{"start":{"line":81,"column":15},"end":{"line":81,"column":30}},"loc":{"start":{"line":81,"column":97},"end":{"line":86,"column":null}},"line":81},"9":{"name":"projectValues","decl":{"start":{"line":88,"column":9},"end":{"line":88,"column":23}},"loc":{"start":{"line":88,"column":55},"end":{"line":91,"column":null}},"line":88},"10":{"name":"validateProject","decl":{"start":{"line":92,"column":9},"end":{"line":92,"column":25}},"loc":{"start":{"line":92,"column":46},"end":{"line":97,"column":null}},"line":92},"11":{"name":"(anonymous_11)","decl":{"start":{"line":96,"column":32},"end":{"line":96,"column":33}},"loc":{"start":{"line":96,"column":44},"end":{"line":96,"column":57}},"line":96}},"branchMap":{"0":{"loc":{"start":{"line":58,"column":2},"end":{"line":58,"column":null}},"type":"if","locations":[{"start":{"line":58,"column":2},"end":{"line":58,"column":null}},{"start":{},"end":{}}],"line":58},"1":{"loc":{"start":{"line":90,"column":34},"end":{"line":90,"column":62}},"type":"binary-expr","locations":[{"start":{"line":90,"column":34},"end":{"line":90,"column":56}},{"start":{"line":90,"column":56},"end":{"line":90,"column":62}}],"line":90},"2":{"loc":{"start":{"line":90,"column":62},"end":{"line":90,"column":86}},"type":"binary-expr","locations":[{"start":{"line":90,"column":62},"end":{"line":90,"column":82}},{"start":{"line":90,"column":82},"end":{"line":90,"column":86}}],"line":90},"3":{"loc":{"start":{"line":93,"column":2},"end":{"line":93,"column":null}},"type":"if","locations":[{"start":{"line":93,"column":2},"end":{"line":93,"column":null}},{"start":{},"end":{}}],"line":93},"4":{"loc":{"start":{"line":94,"column":2},"end":{"line":94,"column":null}},"type":"if","locations":[{"start":{"line":94,"column":2},"end":{"line":94,"column":null}},{"start":{},"end":{}}],"line":94},"5":{"loc":{"start":{"line":95,"column":2},"end":{"line":95,"column":null}},"type":"if","locations":[{"start":{"line":95,"column":2},"end":{"line":95,"column":null}},{"start":{},"end":{}}],"line":95},"6":{"loc":{"start":{"line":95,"column":6},"end":{"line":95,"column":87}},"type":"binary-expr","locations":[{"start":{"line":95,"column":6},"end":{"line":95,"column":28}},{"start":{"line":95,"column":28},"end":{"line":95,"column":48}},{"start":{"line":95,"column":48},"end":{"line":95,"column":87}}],"line":95},"7":{"loc":{"start":{"line":96,"column":2},"end":{"line":96,"column":null}},"type":"if","locations":[{"start":{"line":96,"column":2},"end":{"line":96,"column":null}},{"start":{},"end":{}}],"line":96}},"s":{"0":1,"1":5,"2":5,"3":1,"4":1,"5":1,"6":1,"7":1,"8":1,"9":6,"10":6,"11":2,"12":2,"13":1,"14":1,"15":1,"16":1,"17":1,"18":1,"19":1,"20":1,"21":1,"22":1,"23":1,"24":2,"25":2,"26":4,"27":3,"28":7,"29":1,"30":6,"31":1,"32":5,"33":1,"34":4,"35":6,"36":1},"f":{"0":5,"1":1,"2":1,"3":1,"4":1,"5":6,"6":1,"7":1,"8":2,"9":3,"10":7,"11":6},"b":{"0":[1,1],"1":[3,0],"2":[3,0],"3":[1,6],"4":[1,5],"5":[1,4],"6":[5,5,5],"7":[1,3]},"meta":{"lastBranch":8,"lastFunction":12,"lastStatement":37,"seen":{"s:3:21:3:Infinity":0,"f:32:9:32:20":0,"s:32:22:32:71":1,"s:32:71:32:95":2,"f:34:22:34:57":1,"s:35:13:35:Infinity":3,"s:36:30:41:Infinity":4,"s:42:2:49:Infinity":5,"f:42:22:42:23":2,"s:42:36:49:4":6,"f:46:28:46:29":3,"s:46:40:46:72":7,"f:46:78:46:79":4,"s:46:91:48:6":8,"f:52:22:52:36":5,"s:53:2:53:Infinity":9,"s:54:13:54:Infinity":10,"s:55:17:57:Infinity":11,"b:58:2:58:Infinity:undefined:undefined:undefined:undefined":0,"s:58:2:58:Infinity":12,"s:58:41:58:Infinity":13,"s:59:2:59:Infinity":14,"f:62:22:62:36":6,"s:63:2:63:Infinity":15,"s:64:13:64:Infinity":16,"s:65:2:67:Infinity":17,"s:68:2:68:Infinity":18,"s:69:2:71:Infinity":19,"f:74:22:74:36":7,"s:75:13:75:Infinity":20,"s:76:2:76:Infinity":21,"s:77:2:77:Infinity":22,"s:78:2:78:Infinity":23,"f:81:15:81:30":8,"s:82:2:82:Infinity":24,"s:83:2:85:Infinity":25,"s:84:4:84:Infinity":26,"f:88:9:88:23":9,"s:89:2:90:Infinity":27,"b:90:34:90:56:90:56:90:62":1,"b:90:62:90:82:90:82:90:86":2,"f:92:9:92:25":10,"b:93:2:93:Infinity:undefined:undefined:undefined:undefined":3,"s:93:2:93:Infinity":28,"s:93:26:93:Infinity":29,"b:94:2:94:Infinity:undefined:undefined:undefined:undefined":4,"s:94:2:94:Infinity":30,"s:94:26:94:Infinity":31,"b:95:2:95:Infinity:undefined:undefined:undefined:undefined":5,"s:95:2:95:Infinity":32,"b:95:6:95:28:95:28:95:48:95:48:95:87":6,"s:95:87:95:Infinity":33,"b:96:2:96:Infinity:undefined:undefined:undefined:undefined":7,"s:96:2:96:Infinity":34,"f:96:32:96:33":11,"s:96:44:96:57":35,"s:96:91:96:Infinity":36},"fnNames":{}}}
,"/Users/ryokugyoku/Desktop/SourceCode/ProjectManagerTools/src/lib/wbs.ts": {"path":"/Users/ryokugyoku/Desktop/SourceCode/ProjectManagerTools/src/lib/wbs.ts","statementMap":{"0":{"start":{"line":4,"column":21},"end":{"line":4,"column":null}},"1":{"start":{"line":125,"column":2},"end":{"line":125,"column":null}},"2":{"start":{"line":126,"column":2},"end":{"line":126,"column":null}},"3":{"start":{"line":130,"column":13},"end":{"line":130,"column":null}},"4":{"start":{"line":131,"column":15},"end":{"line":150,"column":null}},"5":{"start":{"line":151,"column":23},"end":{"line":157,"column":null}},"6":{"start":{"line":158,"column":20},"end":{"line":162,"column":null}},"7":{"start":{"line":163,"column":23},"end":{"line":163,"column":null}},"8":{"start":{"line":164,"column":2},"end":{"line":164,"column":null}},"9":{"start":{"line":164,"column":31},"end":{"line":164,"column":null}},"10":{"start":{"line":165,"column":17},"end":{"line":165,"column":null}},"11":{"start":{"line":166,"column":2},"end":{"line":170,"column":null}},"12":{"start":{"line":167,"column":4},"end":{"line":169,"column":null}},"13":{"start":{"line":171,"column":2},"end":{"line":175,"column":null}},"14":{"start":{"line":172,"column":17},"end":{"line":172,"column":null}},"15":{"start":{"line":173,"column":19},"end":{"line":173,"column":null}},"16":{"start":{"line":174,"column":4},"end":{"line":174,"column":null}},"17":{"start":{"line":179,"column":13},"end":{"line":179,"column":null}},"18":{"start":{"line":180,"column":15},"end":{"line":212,"column":null}},"19":{"start":{"line":213,"column":2},"end":{"line":223,"column":null}},"20":{"start":{"line":213,"column":28},"end":{"line":223,"column":4}},"21":{"start":{"line":227,"column":13},"end":{"line":227,"column":null}},"22":{"start":{"line":228,"column":15},"end":{"line":231,"column":null}},"23":{"start":{"line":232,"column":2},"end":{"line":232,"column":null}},"24":{"start":{"line":232,"column":27},"end":{"line":232,"column":39}},"25":{"start":{"line":236,"column":2},"end":{"line":236,"column":null}},"26":{"start":{"line":237,"column":13},"end":{"line":237,"column":null}},"27":{"start":{"line":238,"column":2},"end":{"line":238,"column":null}},"28":{"start":{"line":239,"column":2},"end":{"line":239,"column":null}},"29":{"start":{"line":240,"column":26},"end":{"line":240,"column":null}},"30":{"start":{"line":241,"column":2},"end":{"line":241,"column":null}},"31":{"start":{"line":242,"column":17},"end":{"line":247,"column":null}},"32":{"start":{"line":248,"column":17},"end":{"line":248,"column":null}},"33":{"start":{"line":249,"column":2},"end":{"line":249,"column":null}},"34":{"start":{"line":250,"column":2},"end":{"line":254,"column":null}},"35":{"start":{"line":251,"column":4},"end":{"line":253,"column":null}},"36":{"start":{"line":258,"column":2},"end":{"line":258,"column":null}},"37":{"start":{"line":259,"column":13},"end":{"line":259,"column":null}},"38":{"start":{"line":260,"column":2},"end":{"line":260,"column":null}},"39":{"start":{"line":261,"column":2},"end":{"line":261,"column":null}},"40":{"start":{"line":262,"column":26},"end":{"line":262,"column":null}},"41":{"start":{"line":263,"column":2},"end":{"line":263,"column":null}},"42":{"start":{"line":264,"column":2},"end":{"line":264,"column":null}},"43":{"start":{"line":265,"column":2},"end":{"line":265,"column":null}},"44":{"start":{"line":266,"column":2},"end":{"line":266,"column":null}},"45":{"start":{"line":267,"column":2},"end":{"line":272,"column":null}},"46":{"start":{"line":273,"column":2},"end":{"line":273,"column":null}},"47":{"start":{"line":277,"column":13},"end":{"line":277,"column":null}},"48":{"start":{"line":278,"column":2},"end":{"line":278,"column":null}},"49":{"start":{"line":279,"column":2},"end":{"line":279,"column":null}},"50":{"start":{"line":280,"column":2},"end":{"line":280,"column":null}},"51":{"start":{"line":281,"column":2},"end":{"line":281,"column":null}},"52":{"start":{"line":282,"column":2},"end":{"line":282,"column":null}},"53":{"start":{"line":283,"column":2},"end":{"line":283,"column":null}},"54":{"start":{"line":287,"column":13},"end":{"line":287,"column":null}},"55":{"start":{"line":288,"column":2},"end":{"line":288,"column":null}},"56":{"start":{"line":289,"column":2},"end":{"line":289,"column":null}},"57":{"start":{"line":293,"column":27},"end":{"line":293,"column":null}},"58":{"start":{"line":294,"column":2},"end":{"line":294,"column":null}},"59":{"start":{"line":294,"column":25},"end":{"line":294,"column":null}},"60":{"start":{"line":295,"column":13},"end":{"line":295,"column":null}},"61":{"start":{"line":296,"column":2},"end":{"line":307,"column":null}},"62":{"start":{"line":297,"column":17},"end":{"line":297,"column":null}},"63":{"start":{"line":298,"column":19},"end":{"line":298,"column":null}},"64":{"start":{"line":299,"column":4},"end":{"line":299,"column":null}},"65":{"start":{"line":299,"column":17},"end":{"line":299,"column":null}},"66":{"start":{"line":300,"column":4},"end":{"line":301,"column":null}},"67":{"start":{"line":302,"column":20},"end":{"line":302,"column":null}},"68":{"start":{"line":303,"column":28},"end":{"line":303,"column":null}},"69":{"start":{"line":304,"column":4},"end":{"line":306,"column":null}},"70":{"start":{"line":311,"column":2},"end":{"line":311,"column":null}},"71":{"start":{"line":311,"column":83},"end":{"line":311,"column":null}},"72":{"start":{"line":312,"column":13},"end":{"line":312,"column":null}},"73":{"start":{"line":313,"column":15},"end":{"line":319,"column":null}},"74":{"start":{"line":320,"column":15},"end":{"line":320,"column":null}},"75":{"start":{"line":321,"column":2},"end":{"line":321,"column":null}},"76":{"start":{"line":321,"column":13},"end":{"line":321,"column":null}},"77":{"start":{"line":322,"column":2},"end":{"line":322,"column":null}},"78":{"start":{"line":322,"column":28},"end":{"line":322,"column":null}},"79":{"start":{"line":323,"column":15},"end":{"line":326,"column":null}},"80":{"start":{"line":327,"column":20},"end":{"line":330,"column":null}},"81":{"start":{"line":331,"column":27},"end":{"line":331,"column":null}},"82":{"start":{"line":332,"column":22},"end":{"line":332,"column":null}},"83":{"start":{"line":332,"column":48},"end":{"line":332,"column":82}},"84":{"start":{"line":333,"column":2},"end":{"line":333,"column":null}},"85":{"start":{"line":334,"column":24},"end":{"line":334,"column":null}},"86":{"start":{"line":335,"column":23},"end":{"line":338,"column":null}},"87":{"start":{"line":335,"column":69},"end":{"line":335,"column":87}},"88":{"start":{"line":336,"column":4},"end":{"line":336,"column":null}},"89":{"start":{"line":337,"column":4},"end":{"line":337,"column":null}},"90":{"start":{"line":339,"column":27},"end":{"line":339,"column":null}},"91":{"start":{"line":339,"column":54},"end":{"line":339,"column":74}},"92":{"start":{"line":340,"column":24},"end":{"line":340,"column":null}},"93":{"start":{"line":341,"column":8},"end":{"line":341,"column":null}},"94":{"start":{"line":342,"column":27},"end":{"line":342,"column":null}},"95":{"start":{"line":343,"column":2},"end":{"line":343,"column":null}},"96":{"start":{"line":343,"column":80},"end":{"line":343,"column":null}},"97":{"start":{"line":344,"column":2},"end":{"line":348,"column":null}},"98":{"start":{"line":349,"column":2},"end":{"line":351,"column":null}},"99":{"start":{"line":349,"column":49},"end":{"line":349,"column":67}},"100":{"start":{"line":350,"column":4},"end":{"line":350,"column":null}},"101":{"start":{"line":352,"column":2},"end":{"line":357,"column":null}},"102":{"start":{"line":358,"column":2},"end":{"line":358,"column":null}},"103":{"start":{"line":359,"column":2},"end":{"line":361,"column":null}},"104":{"start":{"line":360,"column":4},"end":{"line":360,"column":null}},"105":{"start":{"line":365,"column":13},"end":{"line":365,"column":null}},"106":{"start":{"line":366,"column":15},"end":{"line":367,"column":null}},"107":{"start":{"line":368,"column":2},"end":{"line":368,"column":null}},"108":{"start":{"line":368,"column":28},"end":{"line":368,"column":157}},"109":{"start":{"line":372,"column":13},"end":{"line":372,"column":null}},"110":{"start":{"line":373,"column":15},"end":{"line":382,"column":null}},"111":{"start":{"line":383,"column":2},"end":{"line":386,"column":null}},"112":{"start":{"line":383,"column":28},"end":{"line":386,"column":4}},"113":{"start":{"line":390,"column":13},"end":{"line":390,"column":null}},"114":{"start":{"line":391,"column":15},"end":{"line":393,"column":null}},"115":{"start":{"line":394,"column":2},"end":{"line":398,"column":null}},"116":{"start":{"line":394,"column":28},"end":{"line":398,"column":4}},"117":{"start":{"line":402,"column":2},"end":{"line":402,"column":null}},"118":{"start":{"line":403,"column":13},"end":{"line":403,"column":null}},"119":{"start":{"line":404,"column":2},"end":{"line":406,"column":null}},"120":{"start":{"line":410,"column":2},"end":{"line":410,"column":null}},"121":{"start":{"line":411,"column":13},"end":{"line":411,"column":null}},"122":{"start":{"line":412,"column":2},"end":{"line":415,"column":null}},"123":{"start":{"line":419,"column":13},"end":{"line":419,"column":null}},"124":{"start":{"line":420,"column":2},"end":{"line":420,"column":null}},"125":{"start":{"line":421,"column":2},"end":{"line":421,"column":null}},"126":{"start":{"line":422,"column":2},"end":{"line":422,"column":null}},"127":{"start":{"line":426,"column":13},"end":{"line":426,"column":null}},"128":{"start":{"line":427,"column":15},"end":{"line":431,"column":null}},"129":{"start":{"line":432,"column":2},"end":{"line":432,"column":null}},"130":{"start":{"line":436,"column":2},"end":{"line":436,"column":null}},"131":{"start":{"line":437,"column":13},"end":{"line":437,"column":null}},"132":{"start":{"line":438,"column":2},"end":{"line":441,"column":null}},"133":{"start":{"line":445,"column":2},"end":{"line":445,"column":null}},"134":{"start":{"line":446,"column":13},"end":{"line":446,"column":null}},"135":{"start":{"line":447,"column":2},"end":{"line":451,"column":null}},"136":{"start":{"line":455,"column":13},"end":{"line":455,"column":null}},"137":{"start":{"line":456,"column":2},"end":{"line":456,"column":null}},"138":{"start":{"line":460,"column":13},"end":{"line":460,"column":null}},"139":{"start":{"line":461,"column":15},"end":{"line":461,"column":null}},"140":{"start":{"line":462,"column":14},"end":{"line":462,"column":null}},"141":{"start":{"line":463,"column":2},"end":{"line":469,"column":null}},"142":{"start":{"line":473,"column":2},"end":{"line":475,"column":null}},"143":{"start":{"line":474,"column":4},"end":{"line":474,"column":null}},"144":{"start":{"line":476,"column":13},"end":{"line":476,"column":null}},"145":{"start":{"line":477,"column":2},"end":{"line":481,"column":null}},"146":{"start":{"line":485,"column":32},"end":{"line":487,"column":null}},"147":{"start":{"line":488,"column":2},"end":{"line":501,"column":null}},"148":{"start":{"line":493,"column":61},"end":{"line":493,"column":68}},"149":{"start":{"line":505,"column":14},"end":{"line":505,"column":null}},"150":{"start":{"line":506,"column":17},"end":{"line":506,"column":null}},"151":{"start":{"line":507,"column":2},"end":{"line":507,"column":null}},"152":{"start":{"line":511,"column":30},"end":{"line":511,"column":null}},"153":{"start":{"line":512,"column":2},"end":{"line":514,"column":null}},"154":{"start":{"line":518,"column":2},"end":{"line":518,"column":null}},"155":{"start":{"line":518,"column":27},"end":{"line":518,"column":null}},"156":{"start":{"line":519,"column":2},"end":{"line":519,"column":null}},"157":{"start":{"line":519,"column":48},"end":{"line":519,"column":null}},"158":{"start":{"line":520,"column":2},"end":{"line":520,"column":null}},"159":{"start":{"line":520,"column":30},"end":{"line":520,"column":null}},"160":{"start":{"line":524,"column":2},"end":{"line":524,"column":null}},"161":{"start":{"line":524,"column":20},"end":{"line":524,"column":null}},"162":{"start":{"line":525,"column":2},"end":{"line":525,"column":null}},"163":{"start":{"line":525,"column":56},"end":{"line":525,"column":null}},"164":{"start":{"line":529,"column":2},"end":{"line":531,"column":null}},"165":{"start":{"line":535,"column":2},"end":{"line":535,"column":null}},"166":{"start":{"line":535,"column":59},"end":{"line":535,"column":null}},"167":{"start":{"line":536,"column":2},"end":{"line":536,"column":null}},"168":{"start":{"line":536,"column":47},"end":{"line":536,"column":null}},"169":{"start":{"line":537,"column":2},"end":{"line":537,"column":null}},"170":{"start":{"line":537,"column":65},"end":{"line":537,"column":null}},"171":{"start":{"line":538,"column":2},"end":{"line":538,"column":null}},"172":{"start":{"line":538,"column":77},"end":{"line":538,"column":null}},"173":{"start":{"line":539,"column":2},"end":{"line":539,"column":null}},"174":{"start":{"line":539,"column":58},"end":{"line":539,"column":null}},"175":{"start":{"line":543,"column":2},"end":{"line":548,"column":null}},"176":{"start":{"line":552,"column":2},"end":{"line":552,"column":null}},"177":{"start":{"line":552,"column":49},"end":{"line":552,"column":null}},"178":{"start":{"line":553,"column":15},"end":{"line":556,"column":null}},"179":{"start":{"line":557,"column":2},"end":{"line":557,"column":null}},"180":{"start":{"line":557,"column":35},"end":{"line":557,"column":null}},"181":{"start":{"line":561,"column":2},"end":{"line":561,"column":null}},"182":{"start":{"line":561,"column":29},"end":{"line":561,"column":null}},"183":{"start":{"line":562,"column":2},"end":{"line":562,"column":null}},"184":{"start":{"line":562,"column":26},"end":{"line":562,"column":null}},"185":{"start":{"line":563,"column":2},"end":{"line":563,"column":null}},"186":{"start":{"line":563,"column":31},"end":{"line":563,"column":null}},"187":{"start":{"line":564,"column":15},"end":{"line":573,"column":null}},"188":{"start":{"line":574,"column":17},"end":{"line":574,"column":null}},"189":{"start":{"line":575,"column":2},"end":{"line":575,"column":null}},"190":{"start":{"line":575,"column":15},"end":{"line":575,"column":null}},"191":{"start":{"line":576,"column":2},"end":{"line":576,"column":null}},"192":{"start":{"line":576,"column":46},"end":{"line":576,"column":null}},"193":{"start":{"line":577,"column":2},"end":{"line":577,"column":null}},"194":{"start":{"line":577,"column":34},"end":{"line":577,"column":null}},"195":{"start":{"line":581,"column":15},"end":{"line":584,"column":null}},"196":{"start":{"line":585,"column":2},"end":{"line":585,"column":null}},"197":{"start":{"line":585,"column":44},"end":{"line":585,"column":null}},"198":{"start":{"line":589,"column":2},"end":{"line":609,"column":null}},"199":{"start":{"line":590,"column":2},"end":{"line":590,"column":null}},"200":{"start":{"line":590,"column":37},"end":{"line":590,"column":null}},"201":{"start":{"line":591,"column":15},"end":{"line":602,"column":null}},"202":{"start":{"line":603,"column":20},"end":{"line":603,"column":null}},"203":{"start":{"line":604,"column":2},"end":{"line":604,"column":null}},"204":{"start":{"line":604,"column":18},"end":{"line":604,"column":null}},"205":{"start":{"line":605,"column":2},"end":{"line":607,"column":null}},"206":{"start":{"line":606,"column":4},"end":{"line":606,"column":null}},"207":{"start":{"line":608,"column":2},"end":{"line":608,"column":null}},"208":{"start":{"line":608,"column":32},"end":{"line":608,"column":null}},"209":{"start":{"line":613,"column":15},"end":{"line":619,"column":null}},"210":{"start":{"line":620,"column":2},"end":{"line":620,"column":null}},"211":{"start":{"line":620,"column":46},"end":{"line":620,"column":null}},"212":{"start":{"line":624,"column":17},"end":{"line":624,"column":null}},"213":{"start":{"line":625,"column":2},"end":{"line":625,"column":null}},"214":{"start":{"line":625,"column":46},"end":{"line":625,"column":69}},"215":{"start":{"line":629,"column":2},"end":{"line":629,"column":null}},"216":{"start":{"line":630,"column":2},"end":{"line":632,"column":null}},"217":{"start":{"line":631,"column":4},"end":{"line":631,"column":null}},"218":{"start":{"line":636,"column":15},"end":{"line":639,"column":null}},"219":{"start":{"line":640,"column":18},"end":{"line":640,"column":null}},"220":{"start":{"line":641,"column":2},"end":{"line":641,"column":null}},"221":{"start":{"line":641,"column":43},"end":{"line":641,"column":null}},"222":{"start":{"line":642,"column":2},"end":{"line":644,"column":null}},"223":{"start":{"line":643,"column":4},"end":{"line":643,"column":null}},"224":{"start":{"line":645,"column":2},"end":{"line":647,"column":null}},"225":{"start":{"line":646,"column":4},"end":{"line":646,"column":null}}},"fnMap":{"0":{"name":"database","decl":{"start":{"line":124,"column":9},"end":{"line":124,"column":20}},"loc":{"start":{"line":124,"column":20},"end":{"line":127,"column":null}},"line":124},"1":{"name":"listWbsTasks","decl":{"start":{"line":129,"column":22},"end":{"line":129,"column":35}},"loc":{"start":{"line":129,"column":78},"end":{"line":176,"column":null}},"line":129},"2":{"name":"(anonymous_2)","decl":{"start":{"line":171,"column":39},"end":{"line":171,"column":40}},"loc":{"start":{"line":171,"column":48},"end":{"line":175,"column":3}},"line":171},"3":{"name":"listDailyProgressSnapshots","decl":{"start":{"line":178,"column":22},"end":{"line":178,"column":49}},"loc":{"start":{"line":178,"column":97},"end":{"line":224,"column":null}},"line":178},"4":{"name":"(anonymous_4)","decl":{"start":{"line":213,"column":18},"end":{"line":213,"column":19}},"loc":{"start":{"line":213,"column":28},"end":{"line":223,"column":4}},"line":213},"5":{"name":"listRecordedProgressDates","decl":{"start":{"line":226,"column":22},"end":{"line":226,"column":48}},"loc":{"start":{"line":226,"column":83},"end":{"line":233,"column":null}},"line":226},"6":{"name":"(anonymous_6)","decl":{"start":{"line":232,"column":18},"end":{"line":232,"column":19}},"loc":{"start":{"line":232,"column":27},"end":{"line":232,"column":39}},"line":232},"7":{"name":"createWbsTask","decl":{"start":{"line":235,"column":22},"end":{"line":235,"column":36}},"loc":{"start":{"line":235,"column":72},"end":{"line":255,"column":null}},"line":235},"8":{"name":"updateWbsTask","decl":{"start":{"line":257,"column":22},"end":{"line":257,"column":36}},"loc":{"start":{"line":257,"column":84},"end":{"line":274,"column":null}},"line":257},"9":{"name":"deleteWbsTask","decl":{"start":{"line":276,"column":22},"end":{"line":276,"column":36}},"loc":{"start":{"line":276,"column":63},"end":{"line":284,"column":null}},"line":276},"10":{"name":"finalizeWbsTask","decl":{"start":{"line":286,"column":22},"end":{"line":286,"column":38}},"loc":{"start":{"line":286,"column":69},"end":{"line":290,"column":null}},"line":286},"11":{"name":"saveScheduleChanges","decl":{"start":{"line":292,"column":22},"end":{"line":292,"column":42}},"loc":{"start":{"line":292,"column":198},"end":{"line":308,"column":null}},"line":292},"12":{"name":"saveDailyProgress","decl":{"start":{"line":310,"column":22},"end":{"line":310,"column":40}},"loc":{"start":{"line":310,"column":128},"end":{"line":362,"column":null}},"line":310},"13":{"name":"(anonymous_13)","decl":{"start":{"line":332,"column":39},"end":{"line":332,"column":40}},"loc":{"start":{"line":332,"column":48},"end":{"line":332,"column":82}},"line":332},"14":{"name":"(anonymous_14)","decl":{"start":{"line":335,"column":55},"end":{"line":335,"column":56}},"loc":{"start":{"line":335,"column":69},"end":{"line":335,"column":87}},"line":335},"15":{"name":"(anonymous_15)","decl":{"start":{"line":335,"column":93},"end":{"line":335,"column":94}},"loc":{"start":{"line":335,"column":119},"end":{"line":338,"column":3}},"line":335},"16":{"name":"(anonymous_16)","decl":{"start":{"line":339,"column":45},"end":{"line":339,"column":46}},"loc":{"start":{"line":339,"column":54},"end":{"line":339,"column":74}},"line":339},"17":{"name":"(anonymous_17)","decl":{"start":{"line":349,"column":40},"end":{"line":349,"column":41}},"loc":{"start":{"line":349,"column":49},"end":{"line":349,"column":67}},"line":349},"18":{"name":"listTaskHistory","decl":{"start":{"line":364,"column":22},"end":{"line":364,"column":38}},"loc":{"start":{"line":364,"column":83},"end":{"line":369,"column":null}},"line":364},"19":{"name":"(anonymous_19)","decl":{"start":{"line":368,"column":18},"end":{"line":368,"column":19}},"loc":{"start":{"line":368,"column":28},"end":{"line":368,"column":157}},"line":368},"20":{"name":"listTaskTreeHistory","decl":{"start":{"line":371,"column":22},"end":{"line":371,"column":42}},"loc":{"start":{"line":371,"column":91},"end":{"line":387,"column":null}},"line":371},"21":{"name":"(anonymous_21)","decl":{"start":{"line":383,"column":18},"end":{"line":383,"column":19}},"loc":{"start":{"line":383,"column":28},"end":{"line":386,"column":4}},"line":383},"22":{"name":"listAssignees","decl":{"start":{"line":389,"column":22},"end":{"line":389,"column":59}},"loc":{"start":{"line":389,"column":59},"end":{"line":399,"column":null}},"line":389},"23":{"name":"(anonymous_23)","decl":{"start":{"line":394,"column":18},"end":{"line":394,"column":19}},"loc":{"start":{"line":394,"column":28},"end":{"line":398,"column":4}},"line":394},"24":{"name":"createAssignee","decl":{"start":{"line":401,"column":22},"end":{"line":401,"column":37}},"loc":{"start":{"line":401,"column":77},"end":{"line":407,"column":null}},"line":401},"25":{"name":"updateAssignee","decl":{"start":{"line":409,"column":22},"end":{"line":409,"column":37}},"loc":{"start":{"line":409,"column":89},"end":{"line":416,"column":null}},"line":409},"26":{"name":"deleteAssignee","decl":{"start":{"line":418,"column":22},"end":{"line":418,"column":37}},"loc":{"start":{"line":418,"column":64},"end":{"line":423,"column":null}},"line":418},"27":{"name":"listUserLeaves","decl":{"start":{"line":425,"column":22},"end":{"line":425,"column":61}},"loc":{"start":{"line":425,"column":61},"end":{"line":433,"column":null}},"line":425},"28":{"name":"createUserLeave","decl":{"start":{"line":435,"column":22},"end":{"line":435,"column":38}},"loc":{"start":{"line":435,"column":76},"end":{"line":442,"column":null}},"line":435},"29":{"name":"updateUserLeave","decl":{"start":{"line":444,"column":22},"end":{"line":444,"column":38}},"loc":{"start":{"line":444,"column":88},"end":{"line":452,"column":null}},"line":444},"30":{"name":"deleteUserLeave","decl":{"start":{"line":454,"column":22},"end":{"line":454,"column":38}},"loc":{"start":{"line":454,"column":65},"end":{"line":457,"column":null}},"line":454},"31":{"name":"getSettings","decl":{"start":{"line":459,"column":22},"end":{"line":459,"column":58}},"loc":{"start":{"line":459,"column":58},"end":{"line":470,"column":null}},"line":459},"32":{"name":"saveSettings","decl":{"start":{"line":472,"column":22},"end":{"line":472,"column":35}},"loc":{"start":{"line":472,"column":73},"end":{"line":482,"column":null}},"line":472},"33":{"name":"mapTask","decl":{"start":{"line":484,"column":9},"end":{"line":484,"column":17}},"loc":{"start":{"line":484,"column":95},"end":{"line":502,"column":null}},"line":484},"34":{"name":"(anonymous_34)","decl":{"start":{"line":493,"column":51},"end":{"line":493,"column":52}},"loc":{"start":{"line":493,"column":61},"end":{"line":493,"column":68}},"line":493},"35":{"name":"localISODate","decl":{"start":{"line":504,"column":9},"end":{"line":504,"column":24}},"loc":{"start":{"line":504,"column":24},"end":{"line":508,"column":null}},"line":504},"36":{"name":"taskValues","decl":{"start":{"line":510,"column":9},"end":{"line":510,"column":20}},"loc":{"start":{"line":510,"column":52},"end":{"line":515,"column":null}},"line":510},"37":{"name":"validateTask","decl":{"start":{"line":517,"column":9},"end":{"line":517,"column":22}},"loc":{"start":{"line":517,"column":43},"end":{"line":521,"column":null}},"line":517},"38":{"name":"validateAssignee","decl":{"start":{"line":523,"column":9},"end":{"line":523,"column":26}},"loc":{"start":{"line":523,"column":55},"end":{"line":526,"column":null}},"line":523},"39":{"name":"userValues","decl":{"start":{"line":528,"column":9},"end":{"line":528,"column":20}},"loc":{"start":{"line":528,"column":56},"end":{"line":532,"column":null}},"line":528},"40":{"name":"validateUserLeave","decl":{"start":{"line":534,"column":9},"end":{"line":534,"column":27}},"loc":{"start":{"line":534,"column":50},"end":{"line":540,"column":null}},"line":534},"41":{"name":"mapUserLeave","decl":{"start":{"line":542,"column":9},"end":{"line":542,"column":22}},"loc":{"start":{"line":542,"column":52},"end":{"line":549,"column":null}},"line":542},"42":{"name":"validateProjectAssignment","decl":{"start":{"line":551,"column":15},"end":{"line":551,"column":41}},"loc":{"start":{"line":551,"column":108},"end":{"line":558,"column":null}},"line":551},"43":{"name":"validateParentTask","decl":{"start":{"line":560,"column":15},"end":{"line":560,"column":34}},"loc":{"start":{"line":560,"column":126},"end":{"line":578,"column":null}},"line":560},"44":{"name":"validateChildProjects","decl":{"start":{"line":580,"column":15},"end":{"line":580,"column":37}},"loc":{"start":{"line":580,"column":93},"end":{"line":586,"column":null}},"line":580},"45":{"name":"validatePrerequisiteTasks","decl":{"start":{"line":588,"column":15},"end":{"line":588,"column":41}},"loc":{"start":{"line":588,"column":164},"end":{"line":610,"column":null}},"line":588},"46":{"name":"validateDependentHierarchy","decl":{"start":{"line":612,"column":15},"end":{"line":612,"column":42}},"loc":{"start":{"line":612,"column":127},"end":{"line":621,"column":null}},"line":612},"47":{"name":"normalizedPrerequisiteIds","decl":{"start":{"line":623,"column":9},"end":{"line":623,"column":35}},"loc":{"start":{"line":623,"column":118},"end":{"line":626,"column":null}},"line":623},"48":{"name":"(anonymous_48)","decl":{"start":{"line":625,"column":35},"end":{"line":625,"column":36}},"loc":{"start":{"line":625,"column":46},"end":{"line":625,"column":69}},"line":625},"49":{"name":"replaceTaskDependencies","decl":{"start":{"line":628,"column":15},"end":{"line":628,"column":39}},"loc":{"start":{"line":628,"column":100},"end":{"line":633,"column":null}},"line":628},"50":{"name":"validateFinalizedFields","decl":{"start":{"line":635,"column":15},"end":{"line":635,"column":39}},"loc":{"start":{"line":635,"column":90},"end":{"line":648,"column":null}},"line":635}},"branchMap":{"0":{"loc":{"start":{"line":129,"column":35},"end":{"line":129,"column":78}},"type":"default-arg","locations":[{"start":{"line":129,"column":42},"end":{"line":129,"column":78}}],"line":129},"1":{"loc":{"start":{"line":158,"column":20},"end":{"line":162,"column":null}},"type":"binary-expr","locations":[{"start":{"line":158,"column":20},"end":{"line":162,"column":45}},{"start":{"line":162,"column":45},"end":{"line":162,"column":null}}],"line":158},"2":{"loc":{"start":{"line":164,"column":66},"end":{"line":164,"column":104}},"type":"binary-expr","locations":[{"start":{"line":164,"column":66},"end":{"line":164,"column":99}},{"start":{"line":164,"column":99},"end":{"line":164,"column":104}}],"line":164},"3":{"loc":{"start":{"line":167,"column":40},"end":{"line":167,"column":79}},"type":"binary-expr","locations":[{"start":{"line":167,"column":40},"end":{"line":167,"column":74}},{"start":{"line":167,"column":74},"end":{"line":167,"column":79}}],"line":167},"4":{"loc":{"start":{"line":172,"column":30},"end":{"line":172,"column":54}},"type":"binary-expr","locations":[{"start":{"line":172,"column":30},"end":{"line":172,"column":52}},{"start":{"line":172,"column":52},"end":{"line":172,"column":54}}],"line":172},"5":{"loc":{"start":{"line":173,"column":19},"end":{"line":173,"column":null}},"type":"cond-expr","locations":[{"start":{"line":173,"column":46},"end":{"line":173,"column":51}},{"start":{"line":173,"column":51},"end":{"line":173,"column":null}}],"line":173},"6":{"loc":{"start":{"line":173,"column":51},"end":{"line":173,"column":null}},"type":"binary-expr","locations":[{"start":{"line":173,"column":51},"end":{"line":173,"column":88}},{"start":{"line":173,"column":88},"end":{"line":173,"column":null}}],"line":173},"7":{"loc":{"start":{"line":174,"column":11},"end":{"line":174,"column":null}},"type":"cond-expr","locations":[{"start":{"line":174,"column":31},"end":{"line":174,"column":69}},{"start":{"line":174,"column":69},"end":{"line":174,"column":null}}],"line":174},"8":{"loc":{"start":{"line":218,"column":10},"end":{"line":218,"column":null}},"type":"binary-expr","locations":[{"start":{"line":218,"column":10},"end":{"line":218,"column":22}},{"start":{"line":218,"column":22},"end":{"line":218,"column":null}}],"line":218},"9":{"loc":{"start":{"line":220,"column":26},"end":{"line":220,"column":null}},"type":"binary-expr","locations":[{"start":{"line":220,"column":26},"end":{"line":220,"column":56}},{"start":{"line":220,"column":56},"end":{"line":220,"column":null}}],"line":220},"10":{"loc":{"start":{"line":221,"column":22},"end":{"line":221,"column":null}},"type":"binary-expr","locations":[{"start":{"line":221,"column":22},"end":{"line":221,"column":47}},{"start":{"line":221,"column":47},"end":{"line":221,"column":null}}],"line":221},"11":{"loc":{"start":{"line":222,"column":17},"end":{"line":222,"column":null}},"type":"binary-expr","locations":[{"start":{"line":222,"column":17},"end":{"line":222,"column":37}},{"start":{"line":222,"column":37},"end":{"line":222,"column":null}}],"line":222},"12":{"loc":{"start":{"line":250,"column":2},"end":{"line":254,"column":null}},"type":"if","locations":[{"start":{"line":250,"column":2},"end":{"line":254,"column":null}},{"start":{},"end":{}}],"line":250},"13":{"loc":{"start":{"line":294,"column":2},"end":{"line":294,"column":null}},"type":"if","locations":[{"start":{"line":294,"column":2},"end":{"line":294,"column":null}},{"start":{},"end":{}}],"line":294},"14":{"loc":{"start":{"line":299,"column":4},"end":{"line":299,"column":null}},"type":"if","locations":[{"start":{"line":299,"column":4},"end":{"line":299,"column":null}},{"start":{},"end":{}}],"line":299},"15":{"loc":{"start":{"line":305,"column":39},"end":{"line":305,"column":null}},"type":"cond-expr","locations":[{"start":{"line":305,"column":49},"end":{"line":305,"column":83}},{"start":{"line":305,"column":83},"end":{"line":305,"column":null}}],"line":305},"16":{"loc":{"start":{"line":311,"column":2},"end":{"line":311,"column":null}},"type":"if","locations":[{"start":{"line":311,"column":2},"end":{"line":311,"column":null}},{"start":{},"end":{}}],"line":311},"17":{"loc":{"start":{"line":311,"column":6},"end":{"line":311,"column":83}},"type":"binary-expr","locations":[{"start":{"line":311,"column":6},"end":{"line":311,"column":41}},{"start":{"line":311,"column":41},"end":{"line":311,"column":62}},{"start":{"line":311,"column":62},"end":{"line":311,"column":83}}],"line":311},"18":{"loc":{"start":{"line":321,"column":2},"end":{"line":321,"column":null}},"type":"if","locations":[{"start":{"line":321,"column":2},"end":{"line":321,"column":null}},{"start":{},"end":{}}],"line":321},"19":{"loc":{"start":{"line":322,"column":2},"end":{"line":322,"column":null}},"type":"if","locations":[{"start":{"line":322,"column":2},"end":{"line":322,"column":null}},{"start":{},"end":{}}],"line":322},"20":{"loc":{"start":{"line":327,"column":20},"end":{"line":330,"column":null}},"type":"cond-expr","locations":[{"start":{"line":327,"column":47},"end":{"line":327,"column":52}},{"start":{"line":327,"column":52},"end":{"line":330,"column":null}}],"line":327},"21":{"loc":{"start":{"line":331,"column":27},"end":{"line":331,"column":null}},"type":"cond-expr","locations":[{"start":{"line":331,"column":45},"end":{"line":331,"column":102}},{"start":{"line":331,"column":102},"end":{"line":331,"column":null}}],"line":331},"22":{"loc":{"start":{"line":339,"column":27},"end":{"line":339,"column":null}},"type":"binary-expr","locations":[{"start":{"line":339,"column":27},"end":{"line":339,"column":89}},{"start":{"line":339,"column":89},"end":{"line":339,"column":null}}],"line":339},"23":{"loc":{"start":{"line":340,"column":24},"end":{"line":340,"column":null}},"type":"binary-expr","locations":[{"start":{"line":340,"column":24},"end":{"line":340,"column":75}},{"start":{"line":340,"column":75},"end":{"line":340,"column":null}}],"line":340},"24":{"loc":{"start":{"line":343,"column":2},"end":{"line":343,"column":null}},"type":"if","locations":[{"start":{"line":343,"column":2},"end":{"line":343,"column":null}},{"start":{},"end":{}}],"line":343},"25":{"loc":{"start":{"line":343,"column":6},"end":{"line":343,"column":80}},"type":"binary-expr","locations":[{"start":{"line":343,"column":6},"end":{"line":343,"column":30}},{"start":{"line":343,"column":30},"end":{"line":343,"column":61}},{"start":{"line":343,"column":61},"end":{"line":343,"column":80}}],"line":343},"26":{"loc":{"start":{"line":358,"column":194},"end":{"line":358,"column":231}},"type":"cond-expr","locations":[{"start":{"line":358,"column":208},"end":{"line":358,"column":229}},{"start":{"line":358,"column":229},"end":{"line":358,"column":231}}],"line":358},"27":{"loc":{"start":{"line":359,"column":2},"end":{"line":361,"column":null}},"type":"if","locations":[{"start":{"line":359,"column":2},"end":{"line":361,"column":null}},{"start":{},"end":{}}],"line":359},"28":{"loc":{"start":{"line":359,"column":6},"end":{"line":359,"column":59}},"type":"binary-expr","locations":[{"start":{"line":359,"column":6},"end":{"line":359,"column":30}},{"start":{"line":359,"column":30},"end":{"line":359,"column":59}}],"line":359},"29":{"loc":{"start":{"line":441,"column":4},"end":{"line":441,"column":36}},"type":"cond-expr","locations":[{"start":{"line":441,"column":29},"end":{"line":441,"column":33}},{"start":{"line":441,"column":33},"end":{"line":441,"column":36}}],"line":441},"30":{"loc":{"start":{"line":441,"column":36},"end":{"line":441,"column":67}},"type":"cond-expr","locations":[{"start":{"line":441,"column":60},"end":{"line":441,"column":64}},{"start":{"line":441,"column":64},"end":{"line":441,"column":67}}],"line":441},"31":{"loc":{"start":{"line":441,"column":67},"end":{"line":441,"column":97}},"type":"cond-expr","locations":[{"start":{"line":441,"column":92},"end":{"line":441,"column":96}},{"start":{"line":441,"column":96},"end":{"line":441,"column":97}}],"line":441},"32":{"loc":{"start":{"line":450,"column":74},"end":{"line":450,"column":null}},"type":"cond-expr","locations":[{"start":{"line":450,"column":99},"end":{"line":450,"column":103}},{"start":{"line":450,"column":103},"end":{"line":450,"column":null}}],"line":450},"33":{"loc":{"start":{"line":451,"column":4},"end":{"line":451,"column":35}},"type":"cond-expr","locations":[{"start":{"line":451,"column":28},"end":{"line":451,"column":32}},{"start":{"line":451,"column":32},"end":{"line":451,"column":35}}],"line":451},"34":{"loc":{"start":{"line":451,"column":35},"end":{"line":451,"column":67}},"type":"cond-expr","locations":[{"start":{"line":451,"column":60},"end":{"line":451,"column":64}},{"start":{"line":451,"column":64},"end":{"line":451,"column":67}}],"line":451},"35":{"loc":{"start":{"line":464,"column":17},"end":{"line":464,"column":null}},"type":"binary-expr","locations":[{"start":{"line":464,"column":17},"end":{"line":464,"column":38}},{"start":{"line":464,"column":38},"end":{"line":464,"column":null}}],"line":464},"36":{"loc":{"start":{"line":465,"column":22},"end":{"line":465,"column":null}},"type":"binary-expr","locations":[{"start":{"line":465,"column":22},"end":{"line":465,"column":48}},{"start":{"line":465,"column":48},"end":{"line":465,"column":null}}],"line":465},"37":{"loc":{"start":{"line":467,"column":22},"end":{"line":467,"column":null}},"type":"binary-expr","locations":[{"start":{"line":467,"column":22},"end":{"line":467,"column":49}},{"start":{"line":467,"column":49},"end":{"line":467,"column":null}}],"line":467},"38":{"loc":{"start":{"line":468,"column":30},"end":{"line":468,"column":null}},"type":"binary-expr","locations":[{"start":{"line":468,"column":30},"end":{"line":468,"column":66}},{"start":{"line":468,"column":66},"end":{"line":468,"column":null}}],"line":468},"39":{"loc":{"start":{"line":473,"column":2},"end":{"line":475,"column":null}},"type":"if","locations":[{"start":{"line":473,"column":2},"end":{"line":475,"column":null}},{"start":{},"end":{}}],"line":473},"40":{"loc":{"start":{"line":473,"column":6},"end":{"line":473,"column":143}},"type":"binary-expr","locations":[{"start":{"line":473,"column":6},"end":{"line":473,"column":62}},{"start":{"line":473,"column":62},"end":{"line":473,"column":103}},{"start":{"line":473,"column":103},"end":{"line":473,"column":143}}],"line":473},"41":{"loc":{"start":{"line":479,"column":53},"end":{"line":479,"column":null}},"type":"cond-expr","locations":[{"start":{"line":479,"column":85},"end":{"line":479,"column":89}},{"start":{"line":479,"column":89},"end":{"line":479,"column":null}}],"line":479},"42":{"loc":{"start":{"line":485,"column":32},"end":{"line":487,"column":null}},"type":"cond-expr","locations":[{"start":{"line":486,"column":6},"end":{"line":486,"column":null}},{"start":{"line":487,"column":6},"end":{"line":487,"column":null}}],"line":485},"43":{"loc":{"start":{"line":487,"column":6},"end":{"line":487,"column":null}},"type":"cond-expr","locations":[{"start":{"line":487,"column":42},"end":{"line":487,"column":47}},{"start":{"line":487,"column":47},"end":{"line":487,"column":null}}],"line":487},"44":{"loc":{"start":{"line":487,"column":87},"end":{"line":487,"column":121}},"type":"binary-expr","locations":[{"start":{"line":487,"column":87},"end":{"line":487,"column":118}},{"start":{"line":487,"column":118},"end":{"line":487,"column":121}}],"line":487},"45":{"loc":{"start":{"line":499,"column":23},"end":{"line":499,"column":null}},"type":"binary-expr","locations":[{"start":{"line":499,"column":23},"end":{"line":499,"column":50}},{"start":{"line":499,"column":50},"end":{"line":499,"column":null}}],"line":499},"46":{"loc":{"start":{"line":500,"column":23},"end":{"line":500,"column":null}},"type":"binary-expr","locations":[{"start":{"line":500,"column":23},"end":{"line":500,"column":50}},{"start":{"line":500,"column":50},"end":{"line":500,"column":null}}],"line":500},"47":{"loc":{"start":{"line":511,"column":30},"end":{"line":511,"column":null}},"type":"binary-expr","locations":[{"start":{"line":511,"column":30},"end":{"line":511,"column":69}},{"start":{"line":511,"column":69},"end":{"line":511,"column":null}}],"line":511},"48":{"loc":{"start":{"line":514,"column":24},"end":{"line":514,"column":51}},"type":"binary-expr","locations":[{"start":{"line":514,"column":24},"end":{"line":514,"column":45}},{"start":{"line":514,"column":45},"end":{"line":514,"column":51}}],"line":514},"49":{"loc":{"start":{"line":514,"column":51},"end":{"line":514,"column":74}},"type":"binary-expr","locations":[{"start":{"line":514,"column":51},"end":{"line":514,"column":70}},{"start":{"line":514,"column":70},"end":{"line":514,"column":74}}],"line":514},"50":{"loc":{"start":{"line":518,"column":2},"end":{"line":518,"column":null}},"type":"if","locations":[{"start":{"line":518,"column":2},"end":{"line":518,"column":null}},{"start":{},"end":{}}],"line":518},"51":{"loc":{"start":{"line":519,"column":2},"end":{"line":519,"column":null}},"type":"if","locations":[{"start":{"line":519,"column":2},"end":{"line":519,"column":null}},{"start":{},"end":{}}],"line":519},"52":{"loc":{"start":{"line":519,"column":6},"end":{"line":519,"column":48}},"type":"binary-expr","locations":[{"start":{"line":519,"column":6},"end":{"line":519,"column":29}},{"start":{"line":519,"column":29},"end":{"line":519,"column":48}}],"line":519},"53":{"loc":{"start":{"line":520,"column":2},"end":{"line":520,"column":null}},"type":"if","locations":[{"start":{"line":520,"column":2},"end":{"line":520,"column":null}},{"start":{},"end":{}}],"line":520},"54":{"loc":{"start":{"line":524,"column":2},"end":{"line":524,"column":null}},"type":"if","locations":[{"start":{"line":524,"column":2},"end":{"line":524,"column":null}},{"start":{},"end":{}}],"line":524},"55":{"loc":{"start":{"line":525,"column":2},"end":{"line":525,"column":null}},"type":"if","locations":[{"start":{"line":525,"column":2},"end":{"line":525,"column":null}},{"start":{},"end":{}}],"line":525},"56":{"loc":{"start":{"line":529,"column":49},"end":{"line":529,"column":null}},"type":"binary-expr","locations":[{"start":{"line":529,"column":49},"end":{"line":529,"column":67}},{"start":{"line":529,"column":67},"end":{"line":529,"column":null}}],"line":529},"57":{"loc":{"start":{"line":535,"column":2},"end":{"line":535,"column":null}},"type":"if","locations":[{"start":{"line":535,"column":2},"end":{"line":535,"column":null}},{"start":{},"end":{}}],"line":535},"58":{"loc":{"start":{"line":535,"column":6},"end":{"line":535,"column":59}},"type":"binary-expr","locations":[{"start":{"line":535,"column":6},"end":{"line":535,"column":41}},{"start":{"line":535,"column":41},"end":{"line":535,"column":59}}],"line":535},"59":{"loc":{"start":{"line":536,"column":2},"end":{"line":536,"column":null}},"type":"if","locations":[{"start":{"line":536,"column":2},"end":{"line":536,"column":null}},{"start":{},"end":{}}],"line":536},"60":{"loc":{"start":{"line":537,"column":2},"end":{"line":537,"column":null}},"type":"if","locations":[{"start":{"line":537,"column":2},"end":{"line":537,"column":null}},{"start":{},"end":{}}],"line":537},"61":{"loc":{"start":{"line":538,"column":2},"end":{"line":538,"column":null}},"type":"if","locations":[{"start":{"line":538,"column":2},"end":{"line":538,"column":null}},{"start":{},"end":{}}],"line":538},"62":{"loc":{"start":{"line":539,"column":2},"end":{"line":539,"column":null}},"type":"if","locations":[{"start":{"line":539,"column":2},"end":{"line":539,"column":null}},{"start":{},"end":{}}],"line":539},"63":{"loc":{"start":{"line":539,"column":6},"end":{"line":539,"column":58}},"type":"binary-expr","locations":[{"start":{"line":539,"column":6},"end":{"line":539,"column":36}},{"start":{"line":539,"column":36},"end":{"line":539,"column":58}}],"line":539},"64":{"loc":{"start":{"line":552,"column":2},"end":{"line":552,"column":null}},"type":"if","locations":[{"start":{"line":552,"column":2},"end":{"line":552,"column":null}},{"start":{},"end":{}}],"line":552},"65":{"loc":{"start":{"line":552,"column":6},"end":{"line":552,"column":49}},"type":"binary-expr","locations":[{"start":{"line":552,"column":6},"end":{"line":552,"column":28}},{"start":{"line":552,"column":28},"end":{"line":552,"column":49}}],"line":552},"66":{"loc":{"start":{"line":557,"column":2},"end":{"line":557,"column":null}},"type":"if","locations":[{"start":{"line":557,"column":2},"end":{"line":557,"column":null}},{"start":{},"end":{}}],"line":557},"67":{"loc":{"start":{"line":557,"column":7},"end":{"line":557,"column":32}},"type":"binary-expr","locations":[{"start":{"line":557,"column":7},"end":{"line":557,"column":25}},{"start":{"line":557,"column":25},"end":{"line":557,"column":32}}],"line":557},"68":{"loc":{"start":{"line":561,"column":2},"end":{"line":561,"column":null}},"type":"if","locations":[{"start":{"line":561,"column":2},"end":{"line":561,"column":null}},{"start":{},"end":{}}],"line":561},"69":{"loc":{"start":{"line":562,"column":2},"end":{"line":562,"column":null}},"type":"if","locations":[{"start":{"line":562,"column":2},"end":{"line":562,"column":null}},{"start":{},"end":{}}],"line":562},"70":{"loc":{"start":{"line":563,"column":2},"end":{"line":563,"column":null}},"type":"if","locations":[{"start":{"line":563,"column":2},"end":{"line":563,"column":null}},{"start":{},"end":{}}],"line":563},"71":{"loc":{"start":{"line":573,"column":6},"end":{"line":573,"column":20}},"type":"binary-expr","locations":[{"start":{"line":573,"column":6},"end":{"line":573,"column":16}},{"start":{"line":573,"column":16},"end":{"line":573,"column":20}}],"line":573},"72":{"loc":{"start":{"line":575,"column":2},"end":{"line":575,"column":null}},"type":"if","locations":[{"start":{"line":575,"column":2},"end":{"line":575,"column":null}},{"start":{},"end":{}}],"line":575},"73":{"loc":{"start":{"line":576,"column":2},"end":{"line":576,"column":null}},"type":"if","locations":[{"start":{"line":576,"column":2},"end":{"line":576,"column":null}},{"start":{},"end":{}}],"line":576},"74":{"loc":{"start":{"line":577,"column":2},"end":{"line":577,"column":null}},"type":"if","locations":[{"start":{"line":577,"column":2},"end":{"line":577,"column":null}},{"start":{},"end":{}}],"line":577},"75":{"loc":{"start":{"line":585,"column":2},"end":{"line":585,"column":null}},"type":"if","locations":[{"start":{"line":585,"column":2},"end":{"line":585,"column":null}},{"start":{},"end":{}}],"line":585},"76":{"loc":{"start":{"line":585,"column":7},"end":{"line":585,"column":41}},"type":"binary-expr","locations":[{"start":{"line":585,"column":7},"end":{"line":585,"column":36}},{"start":{"line":585,"column":36},"end":{"line":585,"column":41}}],"line":585},"77":{"loc":{"start":{"line":590,"column":2},"end":{"line":590,"column":null}},"type":"if","locations":[{"start":{"line":590,"column":2},"end":{"line":590,"column":null}},{"start":{},"end":{}}],"line":590},"78":{"loc":{"start":{"line":602,"column":26},"end":{"line":602,"column":38}},"type":"binary-expr","locations":[{"start":{"line":602,"column":26},"end":{"line":602,"column":36}},{"start":{"line":602,"column":36},"end":{"line":602,"column":38}}],"line":602},"79":{"loc":{"start":{"line":604,"column":2},"end":{"line":604,"column":null}},"type":"if","locations":[{"start":{"line":604,"column":2},"end":{"line":604,"column":null}},{"start":{},"end":{}}],"line":604},"80":{"loc":{"start":{"line":605,"column":2},"end":{"line":607,"column":null}},"type":"if","locations":[{"start":{"line":605,"column":2},"end":{"line":607,"column":null}},{"start":{},"end":{}}],"line":605},"81":{"loc":{"start":{"line":605,"column":6},"end":{"line":605,"column":107}},"type":"binary-expr","locations":[{"start":{"line":605,"column":6},"end":{"line":605,"column":54}},{"start":{"line":605,"column":54},"end":{"line":605,"column":107}}],"line":605},"82":{"loc":{"start":{"line":608,"column":2},"end":{"line":608,"column":null}},"type":"if","locations":[{"start":{"line":608,"column":2},"end":{"line":608,"column":null}},{"start":{},"end":{}}],"line":608},"83":{"loc":{"start":{"line":620,"column":2},"end":{"line":620,"column":null}},"type":"if","locations":[{"start":{"line":620,"column":2},"end":{"line":620,"column":null}},{"start":{},"end":{}}],"line":620},"84":{"loc":{"start":{"line":620,"column":7},"end":{"line":620,"column":43}},"type":"binary-expr","locations":[{"start":{"line":620,"column":7},"end":{"line":620,"column":38}},{"start":{"line":620,"column":38},"end":{"line":620,"column":43}}],"line":620},"85":{"loc":{"start":{"line":624,"column":17},"end":{"line":624,"column":null}},"type":"binary-expr","locations":[{"start":{"line":624,"column":17},"end":{"line":624,"column":47}},{"start":{"line":624,"column":47},"end":{"line":624,"column":null}}],"line":624},"86":{"loc":{"start":{"line":624,"column":47},"end":{"line":624,"column":null}},"type":"cond-expr","locations":[{"start":{"line":624,"column":82},"end":{"line":624,"column":87}},{"start":{"line":624,"column":87},"end":{"line":624,"column":null}}],"line":624},"87":{"loc":{"start":{"line":641,"column":2},"end":{"line":641,"column":null}},"type":"if","locations":[{"start":{"line":641,"column":2},"end":{"line":641,"column":null}},{"start":{},"end":{}}],"line":641},"88":{"loc":{"start":{"line":641,"column":6},"end":{"line":641,"column":43}},"type":"binary-expr","locations":[{"start":{"line":641,"column":6},"end":{"line":641,"column":18}},{"start":{"line":641,"column":18},"end":{"line":641,"column":43}}],"line":641},"89":{"loc":{"start":{"line":642,"column":2},"end":{"line":644,"column":null}},"type":"if","locations":[{"start":{"line":642,"column":2},"end":{"line":644,"column":null}},{"start":{},"end":{}}],"line":642},"90":{"loc":{"start":{"line":642,"column":6},"end":{"line":642,"column":144}},"type":"binary-expr","locations":[{"start":{"line":642,"column":6},"end":{"line":642,"column":54}},{"start":{"line":642,"column":54},"end":{"line":642,"column":98}},{"start":{"line":642,"column":98},"end":{"line":642,"column":144}}],"line":642},"91":{"loc":{"start":{"line":645,"column":2},"end":{"line":647,"column":null}},"type":"if","locations":[{"start":{"line":645,"column":2},"end":{"line":647,"column":null}},{"start":{},"end":{}}],"line":645}},"s":{"0":2,"1":44,"2":44,"3":2,"4":2,"5":2,"6":2,"7":2,"8":2,"9":0,"10":2,"11":2,"12":2,"13":2,"14":1,"15":1,"16":1,"17":1,"18":1,"19":1,"20":1,"21":1,"22":1,"23":1,"24":2,"25":9,"26":9,"27":6,"28":6,"29":5,"30":5,"31":5,"32":5,"33":5,"34":5,"35":1,"36":11,"37":11,"38":11,"39":10,"40":8,"41":8,"42":5,"43":4,"44":3,"45":1,"46":1,"47":1,"48":1,"49":1,"50":1,"51":1,"52":1,"53":1,"54":1,"55":1,"56":1,"57":3,"58":3,"59":1,"60":2,"61":2,"62":2,"63":2,"64":2,"65":0,"66":2,"67":2,"68":2,"69":2,"70":6,"71":0,"72":6,"73":6,"74":6,"75":6,"76":0,"77":6,"78":1,"79":5,"80":5,"81":0,"82":6,"83":2,"84":6,"85":6,"86":6,"87":1,"88":6,"89":6,"90":6,"91":5,"92":6,"93":6,"94":6,"95":6,"96":1,"97":4,"98":4,"99":5,"100":1,"101":4,"102":4,"103":4,"104":1,"105":1,"106":1,"107":1,"108":1,"109":1,"110":1,"111":1,"112":1,"113":1,"114":1,"115":1,"116":1,"117":2,"118":2,"119":1,"120":2,"121":2,"122":1,"123":1,"124":1,"125":1,"126":1,"127":1,"128":1,"129":1,"130":2,"131":2,"132":1,"133":1,"134":1,"135":1,"136":1,"137":1,"138":2,"139":2,"140":2,"141":2,"142":2,"143":1,"144":1,"145":1,"146":1,"147":1,"148":2,"149":1,"150":1,"151":1,"152":6,"153":6,"154":20,"155":1,"156":19,"157":1,"158":18,"159":1,"160":4,"161":1,"162":3,"163":1,"164":2,"165":3,"166":0,"167":3,"168":0,"169":3,"170":0,"171":3,"172":0,"173":3,"174":1,"175":1,"176":17,"177":14,"178":3,"179":3,"180":1,"181":16,"182":12,"183":4,"184":0,"185":4,"186":1,"187":3,"188":3,"189":3,"190":0,"191":3,"192":1,"193":2,"194":1,"195":5,"196":5,"197":1,"198":13,"199":6,"200":1,"201":5,"202":5,"203":5,"204":0,"205":5,"206":1,"207":4,"208":1,"209":4,"210":4,"211":1,"212":19,"213":19,"214":9,"215":6,"216":6,"217":3,"218":3,"219":3,"220":3,"221":1,"222":2,"223":1,"224":1,"225":1},"f":{"0":44,"1":2,"2":1,"3":1,"4":1,"5":1,"6":2,"7":9,"8":11,"9":1,"10":1,"11":3,"12":6,"13":2,"14":1,"15":6,"16":5,"17":5,"18":1,"19":1,"20":1,"21":1,"22":1,"23":1,"24":2,"25":2,"26":1,"27":1,"28":2,"29":1,"30":1,"31":2,"32":2,"33":1,"34":2,"35":1,"36":6,"37":20,"38":4,"39":2,"40":3,"41":1,"42":17,"43":16,"44":5,"45":13,"46":4,"47":19,"48":9,"49":6,"50":3},"b":{"0":[2],"1":[2,0],"2":[0,0],"3":[2,1],"4":[1,0],"5":[0,1],"6":[1,1],"7":[0,1],"8":[1,0],"9":[1,0],"10":[1,0],"11":[1,0],"12":[1,4],"13":[1,2],"14":[0,2],"15":[1,1],"16":[0,6],"17":[6,6,6],"18":[0,6],"19":[1,5],"20":[5,0],"21":[2,3],"22":[6,0],"23":[6,0],"24":[1,5],"25":[6,3,2],"26":[4,0],"27":[1,3],"28":[4,2],"29":[1,0],"30":[0,1],"31":[0,1],"32":[1,0],"33":[1,0],"34":[1,0],"35":[2,1],"36":[2,1],"37":[2,1],"38":[2,1],"39":[1,1],"40":[2,2,2],"41":[1,0],"42":[1,0],"43":[0,0],"44":[0,0],"45":[1,0],"46":[1,0],"47":[6,4],"48":[6,6],"49":[6,6],"50":[1,19],"51":[1,18],"52":[19,18],"53":[1,17],"54":[1,3],"55":[1,2],"56":[2,0],"57":[0,3],"58":[3,3],"59":[0,3],"60":[0,3],"61":[0,3],"62":[1,2],"63":[3,2],"64":[14,3],"65":[17,14],"66":[1,2],"67":[3,0],"68":[12,4],"69":[0,4],"70":[1,3],"71":[3,2],"72":[0,3],"73":[1,2],"74":[1,1],"75":[1,4],"76":[5,0],"77":[1,5],"78":[5,3],"79":[0,5],"80":[1,4],"81":[5,5],"82":[1,3],"83":[1,3],"84":[4,0],"85":[19,17],"86":[12,5],"87":[1,2],"88":[3,3],"89":[1,1],"90":[2,1,1],"91":[1,0]},"meta":{"lastBranch":92,"lastFunction":51,"lastStatement":226,"seen":{"s:4:21:4:Infinity":0,"f:124:9:124:20":0,"s:125:2:125:Infinity":1,"s:126:2:126:Infinity":2,"f:129:22:129:35":1,"b:129:42:129:78":0,"s:130:13:130:Infinity":3,"s:131:15:150:Infinity":4,"s:151:23:157:Infinity":5,"s:158:20:162:Infinity":6,"b:158:20:162:45:162:45:162:Infinity":1,"s:163:23:163:Infinity":7,"s:164:2:164:Infinity":8,"s:164:31:164:Infinity":9,"b:164:66:164:99:164:99:164:104":2,"s:165:17:165:Infinity":10,"s:166:2:170:Infinity":11,"s:167:4:169:Infinity":12,"b:167:40:167:74:167:74:167:79":3,"s:171:2:175:Infinity":13,"f:171:39:171:40":2,"s:172:17:172:Infinity":14,"b:172:30:172:52:172:52:172:54":4,"s:173:19:173:Infinity":15,"b:173:46:173:51:173:51:173:Infinity":5,"b:173:51:173:88:173:88:173:Infinity":6,"s:174:4:174:Infinity":16,"b:174:31:174:69:174:69:174:Infinity":7,"f:178:22:178:49":3,"s:179:13:179:Infinity":17,"s:180:15:212:Infinity":18,"s:213:2:223:Infinity":19,"f:213:18:213:19":4,"s:213:28:223:4":20,"b:218:10:218:22:218:22:218:Infinity":8,"b:220:26:220:56:220:56:220:Infinity":9,"b:221:22:221:47:221:47:221:Infinity":10,"b:222:17:222:37:222:37:222:Infinity":11,"f:226:22:226:48":5,"s:227:13:227:Infinity":21,"s:228:15:231:Infinity":22,"s:232:2:232:Infinity":23,"f:232:18:232:19":6,"s:232:27:232:39":24,"f:235:22:235:36":7,"s:236:2:236:Infinity":25,"s:237:13:237:Infinity":26,"s:238:2:238:Infinity":27,"s:239:2:239:Infinity":28,"s:240:26:240:Infinity":29,"s:241:2:241:Infinity":30,"s:242:17:247:Infinity":31,"s:248:17:248:Infinity":32,"s:249:2:249:Infinity":33,"b:250:2:254:Infinity:undefined:undefined:undefined:undefined":12,"s:250:2:254:Infinity":34,"s:251:4:253:Infinity":35,"f:257:22:257:36":8,"s:258:2:258:Infinity":36,"s:259:13:259:Infinity":37,"s:260:2:260:Infinity":38,"s:261:2:261:Infinity":39,"s:262:26:262:Infinity":40,"s:263:2:263:Infinity":41,"s:264:2:264:Infinity":42,"s:265:2:265:Infinity":43,"s:266:2:266:Infinity":44,"s:267:2:272:Infinity":45,"s:273:2:273:Infinity":46,"f:276:22:276:36":9,"s:277:13:277:Infinity":47,"s:278:2:278:Infinity":48,"s:279:2:279:Infinity":49,"s:280:2:280:Infinity":50,"s:281:2:281:Infinity":51,"s:282:2:282:Infinity":52,"s:283:2:283:Infinity":53,"f:286:22:286:38":10,"s:287:13:287:Infinity":54,"s:288:2:288:Infinity":55,"s:289:2:289:Infinity":56,"f:292:22:292:42":11,"s:293:27:293:Infinity":57,"b:294:2:294:Infinity:undefined:undefined:undefined:undefined":13,"s:294:2:294:Infinity":58,"s:294:25:294:Infinity":59,"s:295:13:295:Infinity":60,"s:296:2:307:Infinity":61,"s:297:17:297:Infinity":62,"s:298:19:298:Infinity":63,"b:299:4:299:Infinity:undefined:undefined:undefined:undefined":14,"s:299:4:299:Infinity":64,"s:299:17:299:Infinity":65,"s:300:4:301:Infinity":66,"s:302:20:302:Infinity":67,"s:303:28:303:Infinity":68,"s:304:4:306:Infinity":69,"b:305:49:305:83:305:83:305:Infinity":15,"f:310:22:310:40":12,"b:311:2:311:Infinity:undefined:undefined:undefined:undefined":16,"s:311:2:311:Infinity":70,"b:311:6:311:41:311:41:311:62:311:62:311:83":17,"s:311:83:311:Infinity":71,"s:312:13:312:Infinity":72,"s:313:15:319:Infinity":73,"s:320:15:320:Infinity":74,"b:321:2:321:Infinity:undefined:undefined:undefined:undefined":18,"s:321:2:321:Infinity":75,"s:321:13:321:Infinity":76,"b:322:2:322:Infinity:undefined:undefined:undefined:undefined":19,"s:322:2:322:Infinity":77,"s:322:28:322:Infinity":78,"s:323:15:326:Infinity":79,"s:327:20:330:Infinity":80,"b:327:47:327:52:327:52:330:Infinity":20,"s:331:27:331:Infinity":81,"b:331:45:331:102:331:102:331:Infinity":21,"s:332:22:332:Infinity":82,"f:332:39:332:40":13,"s:332:48:332:82":83,"s:333:2:333:Infinity":84,"s:334:24:334:Infinity":85,"s:335:23:338:Infinity":86,"f:335:55:335:56":14,"s:335:69:335:87":87,"f:335:93:335:94":15,"s:336:4:336:Infinity":88,"s:337:4:337:Infinity":89,"s:339:27:339:Infinity":90,"b:339:27:339:89:339:89:339:Infinity":22,"f:339:45:339:46":16,"s:339:54:339:74":91,"s:340:24:340:Infinity":92,"b:340:24:340:75:340:75:340:Infinity":23,"s:341:8:341:Infinity":93,"s:342:27:342:Infinity":94,"b:343:2:343:Infinity:undefined:undefined:undefined:undefined":24,"s:343:2:343:Infinity":95,"b:343:6:343:30:343:30:343:61:343:61:343:80":25,"s:343:80:343:Infinity":96,"s:344:2:348:Infinity":97,"s:349:2:351:Infinity":98,"f:349:40:349:41":17,"s:349:49:349:67":99,"s:350:4:350:Infinity":100,"s:352:2:357:Infinity":101,"s:358:2:358:Infinity":102,"b:358:208:358:229:358:229:358:231":26,"b:359:2:361:Infinity:undefined:undefined:undefined:undefined":27,"s:359:2:361:Infinity":103,"b:359:6:359:30:359:30:359:59":28,"s:360:4:360:Infinity":104,"f:364:22:364:38":18,"s:365:13:365:Infinity":105,"s:366:15:367:Infinity":106,"s:368:2:368:Infinity":107,"f:368:18:368:19":19,"s:368:28:368:157":108,"f:371:22:371:42":20,"s:372:13:372:Infinity":109,"s:373:15:382:Infinity":110,"s:383:2:386:Infinity":111,"f:383:18:383:19":21,"s:383:28:386:4":112,"f:389:22:389:59":22,"s:390:13:390:Infinity":113,"s:391:15:393:Infinity":114,"s:394:2:398:Infinity":115,"f:394:18:394:19":23,"s:394:28:398:4":116,"f:401:22:401:37":24,"s:402:2:402:Infinity":117,"s:403:13:403:Infinity":118,"s:404:2:406:Infinity":119,"f:409:22:409:37":25,"s:410:2:410:Infinity":120,"s:411:13:411:Infinity":121,"s:412:2:415:Infinity":122,"f:418:22:418:37":26,"s:419:13:419:Infinity":123,"s:420:2:420:Infinity":124,"s:421:2:421:Infinity":125,"s:422:2:422:Infinity":126,"f:425:22:425:61":27,"s:426:13:426:Infinity":127,"s:427:15:431:Infinity":128,"s:432:2:432:Infinity":129,"f:435:22:435:38":28,"s:436:2:436:Infinity":130,"s:437:13:437:Infinity":131,"s:438:2:441:Infinity":132,"b:441:29:441:33:441:33:441:36":29,"b:441:60:441:64:441:64:441:67":30,"b:441:92:441:96:441:96:441:97":31,"f:444:22:444:38":29,"s:445:2:445:Infinity":133,"s:446:13:446:Infinity":134,"s:447:2:451:Infinity":135,"b:450:99:450:103:450:103:450:Infinity":32,"b:451:28:451:32:451:32:451:35":33,"b:451:60:451:64:451:64:451:67":34,"f:454:22:454:38":30,"s:455:13:455:Infinity":136,"s:456:2:456:Infinity":137,"f:459:22:459:58":31,"s:460:13:460:Infinity":138,"s:461:15:461:Infinity":139,"s:462:14:462:Infinity":140,"s:463:2:469:Infinity":141,"b:464:17:464:38:464:38:464:Infinity":35,"b:465:22:465:48:465:48:465:Infinity":36,"b:467:22:467:49:467:49:467:Infinity":37,"b:468:30:468:66:468:66:468:Infinity":38,"f:472:22:472:35":32,"b:473:2:475:Infinity:undefined:undefined:undefined:undefined":39,"s:473:2:475:Infinity":142,"b:473:6:473:62:473:62:473:103:473:103:473:143":40,"s:474:4:474:Infinity":143,"s:476:13:476:Infinity":144,"s:477:2:481:Infinity":145,"b:479:85:479:89:479:89:479:Infinity":41,"f:484:9:484:17":33,"s:485:32:487:Infinity":146,"b:486:6:486:Infinity:487:6:487:Infinity":42,"b:487:42:487:47:487:47:487:Infinity":43,"b:487:87:487:118:487:118:487:121":44,"s:488:2:501:Infinity":147,"f:493:51:493:52":34,"s:493:61:493:68":148,"b:499:23:499:50:499:50:499:Infinity":45,"b:500:23:500:50:500:50:500:Infinity":46,"f:504:9:504:24":35,"s:505:14:505:Infinity":149,"s:506:17:506:Infinity":150,"s:507:2:507:Infinity":151,"f:510:9:510:20":36,"s:511:30:511:Infinity":152,"b:511:30:511:69:511:69:511:Infinity":47,"s:512:2:514:Infinity":153,"b:514:24:514:45:514:45:514:51":48,"b:514:51:514:70:514:70:514:74":49,"f:517:9:517:22":37,"b:518:2:518:Infinity:undefined:undefined:undefined:undefined":50,"s:518:2:518:Infinity":154,"s:518:27:518:Infinity":155,"b:519:2:519:Infinity:undefined:undefined:undefined:undefined":51,"s:519:2:519:Infinity":156,"b:519:6:519:29:519:29:519:48":52,"s:519:48:519:Infinity":157,"b:520:2:520:Infinity:undefined:undefined:undefined:undefined":53,"s:520:2:520:Infinity":158,"s:520:30:520:Infinity":159,"f:523:9:523:26":38,"b:524:2:524:Infinity:undefined:undefined:undefined:undefined":54,"s:524:2:524:Infinity":160,"s:524:20:524:Infinity":161,"b:525:2:525:Infinity:undefined:undefined:undefined:undefined":55,"s:525:2:525:Infinity":162,"s:525:56:525:Infinity":163,"f:528:9:528:20":39,"s:529:2:531:Infinity":164,"b:529:49:529:67:529:67:529:Infinity":56,"f:534:9:534:27":40,"b:535:2:535:Infinity:undefined:undefined:undefined:undefined":57,"s:535:2:535:Infinity":165,"b:535:6:535:41:535:41:535:59":58,"s:535:59:535:Infinity":166,"b:536:2:536:Infinity:undefined:undefined:undefined:undefined":59,"s:536:2:536:Infinity":167,"s:536:47:536:Infinity":168,"b:537:2:537:Infinity:undefined:undefined:undefined:undefined":60,"s:537:2:537:Infinity":169,"s:537:65:537:Infinity":170,"b:538:2:538:Infinity:undefined:undefined:undefined:undefined":61,"s:538:2:538:Infinity":171,"s:538:77:538:Infinity":172,"b:539:2:539:Infinity:undefined:undefined:undefined:undefined":62,"s:539:2:539:Infinity":173,"b:539:6:539:36:539:36:539:58":63,"s:539:58:539:Infinity":174,"f:542:9:542:22":41,"s:543:2:548:Infinity":175,"f:551:15:551:41":42,"b:552:2:552:Infinity:undefined:undefined:undefined:undefined":64,"s:552:2:552:Infinity":176,"b:552:6:552:28:552:28:552:49":65,"s:552:49:552:Infinity":177,"s:553:15:556:Infinity":178,"b:557:2:557:Infinity:undefined:undefined:undefined:undefined":66,"s:557:2:557:Infinity":179,"b:557:7:557:25:557:25:557:32":67,"s:557:35:557:Infinity":180,"f:560:15:560:34":43,"b:561:2:561:Infinity:undefined:undefined:undefined:undefined":68,"s:561:2:561:Infinity":181,"s:561:29:561:Infinity":182,"b:562:2:562:Infinity:undefined:undefined:undefined:undefined":69,"s:562:2:562:Infinity":183,"s:562:26:562:Infinity":184,"b:563:2:563:Infinity:undefined:undefined:undefined:undefined":70,"s:563:2:563:Infinity":185,"s:563:31:563:Infinity":186,"s:564:15:573:Infinity":187,"b:573:6:573:16:573:16:573:20":71,"s:574:17:574:Infinity":188,"b:575:2:575:Infinity:undefined:undefined:undefined:undefined":72,"s:575:2:575:Infinity":189,"s:575:15:575:Infinity":190,"b:576:2:576:Infinity:undefined:undefined:undefined:undefined":73,"s:576:2:576:Infinity":191,"s:576:46:576:Infinity":192,"b:577:2:577:Infinity:undefined:undefined:undefined:undefined":74,"s:577:2:577:Infinity":193,"s:577:34:577:Infinity":194,"f:580:15:580:37":44,"s:581:15:584:Infinity":195,"b:585:2:585:Infinity:undefined:undefined:undefined:undefined":75,"s:585:2:585:Infinity":196,"b:585:7:585:36:585:36:585:41":76,"s:585:44:585:Infinity":197,"f:588:15:588:41":45,"s:589:2:609:Infinity":198,"b:590:2:590:Infinity:undefined:undefined:undefined:undefined":77,"s:590:2:590:Infinity":199,"s:590:37:590:Infinity":200,"s:591:15:602:Infinity":201,"b:602:26:602:36:602:36:602:38":78,"s:603:20:603:Infinity":202,"b:604:2:604:Infinity:undefined:undefined:undefined:undefined":79,"s:604:2:604:Infinity":203,"s:604:18:604:Infinity":204,"b:605:2:607:Infinity:undefined:undefined:undefined:undefined":80,"s:605:2:607:Infinity":205,"b:605:6:605:54:605:54:605:107":81,"s:606:4:606:Infinity":206,"b:608:2:608:Infinity:undefined:undefined:undefined:undefined":82,"s:608:2:608:Infinity":207,"s:608:32:608:Infinity":208,"f:612:15:612:42":46,"s:613:15:619:Infinity":209,"b:620:2:620:Infinity:undefined:undefined:undefined:undefined":83,"s:620:2:620:Infinity":210,"b:620:7:620:38:620:38:620:43":84,"s:620:46:620:Infinity":211,"f:623:9:623:35":47,"s:624:17:624:Infinity":212,"b:624:17:624:47:624:47:624:Infinity":85,"b:624:82:624:87:624:87:624:Infinity":86,"s:625:2:625:Infinity":213,"f:625:35:625:36":48,"s:625:46:625:69":214,"f:628:15:628:39":49,"s:629:2:629:Infinity":215,"s:630:2:632:Infinity":216,"s:631:4:631:Infinity":217,"f:635:15:635:39":50,"s:636:15:639:Infinity":218,"s:640:18:640:Infinity":219,"b:641:2:641:Infinity:undefined:undefined:undefined:undefined":87,"s:641:2:641:Infinity":220,"b:641:6:641:18:641:18:641:43":88,"s:641:43:641:Infinity":221,"b:642:2:644:Infinity:undefined:undefined:undefined:undefined":89,"s:642:2:644:Infinity":222,"b:642:6:642:54:642:54:642:98:642:98:642:144":90,"s:643:4:643:Infinity":223,"b:645:2:647:Infinity:undefined:undefined:undefined:undefined":91,"s:645:2:647:Infinity":224,"s:646:4:646:Infinity":225},"fnNames":{}}}
}
